2021-01-23 14:52:40,910 INFO  Logger.cs: 70 - 
--------------------------------------------------------------------------------
2021-01-23 14:52:40,934 INFO  Logger.cs: 71 - Logging commencing for SW2URDF exporter
2021-01-23 14:52:40,935 INFO  Logger.cs: 73 - Commit version 1.6.0-1-g15f4949
2021-01-23 14:52:40,935 INFO  Logger.cs: 74 - Build version 1.6.7594.29634
2021-01-23 14:52:40,948 INFO  SwAddin.cs: 192 - Attempting to connect to SW
2021-01-23 14:52:40,949 INFO  SwAddin.cs: 197 - Setting up callbacks
2021-01-23 14:52:40,949 INFO  SwAddin.cs: 201 - Setting up command manager
2021-01-23 14:52:40,950 INFO  SwAddin.cs: 204 - Adding command manager
2021-01-23 14:52:40,954 INFO  SwAddin.cs: 263 - Adding Assembly export to file menu
2021-01-23 14:52:40,955 INFO  SwAddin.cs: 272 - Adding Part export to file menu
2021-01-23 14:52:40,955 INFO  SwAddin.cs: 210 - Adding event handlers
2021-01-23 14:52:41,104 INFO  SwAddin.cs: 217 - Connecting plugin to SolidWorks
2021-01-23 15:46:01,087 INFO  SwAddin.cs: 294 - Assembly export called for file Assem1
2021-01-23 15:46:01,088 INFO  SwAddin.cs: 299 - Save is required
2021-01-23 15:46:01,088 INFO  SwAddin.cs: 313 - Saving assembly
2021-01-23 15:46:02,322 INFO  SwAddin.cs: 316 - Opening property manager
2021-01-23 15:46:02,335 INFO  ExportHelperExtension.cs: 1125 - Retrieving features of type [CoordSys] from Assem1
2021-01-23 15:46:02,375 INFO  ExportHelperExtension.cs: 1136 - Found 47 in Assem1
2021-01-23 15:46:02,376 INFO  ExportHelperExtension.cs: 1145 - Found 0 features of type [CoordSys] in Assem1
2021-01-23 15:46:02,376 INFO  ExportHelperExtension.cs: 1148 - Proceeding through assembly components
2021-01-23 15:46:02,377 INFO  ExportHelperExtension.cs: 1160 - 4 components to check
2021-01-23 15:46:02,379 INFO  ExportHelperExtension.cs: 1125 - Retrieving features of type [CoordSys] from front wheel-3-7^Assem1-1
2021-01-23 15:46:02,379 INFO  ExportHelperExtension.cs: 1136 - Found 27 in front wheel-3-7^Assem1-1
2021-01-23 15:46:02,380 INFO  ExportHelperExtension.cs: 1145 - Found 0 features of type [CoordSys] in front wheel-3-7^Assem1-1
2021-01-23 15:46:02,380 INFO  ExportHelperExtension.cs: 1125 - Retrieving features of type [CoordSys] from chassis-3-2^Assem1-1
2021-01-23 15:46:02,381 INFO  ExportHelperExtension.cs: 1136 - Found 27 in chassis-3-2^Assem1-1
2021-01-23 15:46:02,381 INFO  ExportHelperExtension.cs: 1145 - Found 0 features of type [CoordSys] in chassis-3-2^Assem1-1
2021-01-23 15:46:02,382 INFO  ExportHelperExtension.cs: 1125 - Retrieving features of type [CoordSys] from rear wheel-3-5^Assem1-3
2021-01-23 15:46:02,382 INFO  ExportHelperExtension.cs: 1136 - Found 27 in rear wheel-3-5^Assem1-3
2021-01-23 15:46:02,383 INFO  ExportHelperExtension.cs: 1145 - Found 0 features of type [CoordSys] in rear wheel-3-5^Assem1-3
2021-01-23 15:46:02,383 INFO  ExportHelperExtension.cs: 1125 - Retrieving features of type [CoordSys] from rear wheel-3-5^Assem1-1
2021-01-23 15:46:02,384 INFO  ExportHelperExtension.cs: 1136 - Found 27 in rear wheel-3-5^Assem1-1
2021-01-23 15:46:02,384 INFO  ExportHelperExtension.cs: 1145 - Found 0 features of type [CoordSys] in rear wheel-3-5^Assem1-1
2021-01-23 15:46:02,385 INFO  ExportHelperExtension.cs: 1125 - Retrieving features of type [RefAxis] from Assem1
2021-01-23 15:46:02,386 INFO  ExportHelperExtension.cs: 1136 - Found 47 in Assem1
2021-01-23 15:46:02,388 INFO  ExportHelperExtension.cs: 1145 - Found 0 features of type [RefAxis] in Assem1
2021-01-23 15:46:02,389 INFO  ExportHelperExtension.cs: 1148 - Proceeding through assembly components
2021-01-23 15:46:02,389 INFO  ExportHelperExtension.cs: 1160 - 4 components to check
2021-01-23 15:46:02,390 INFO  ExportHelperExtension.cs: 1125 - Retrieving features of type [RefAxis] from front wheel-3-7^Assem1-1
2021-01-23 15:46:02,390 INFO  ExportHelperExtension.cs: 1136 - Found 27 in front wheel-3-7^Assem1-1
2021-01-23 15:46:02,391 INFO  ExportHelperExtension.cs: 1145 - Found 0 features of type [RefAxis] in front wheel-3-7^Assem1-1
2021-01-23 15:46:02,391 INFO  ExportHelperExtension.cs: 1125 - Retrieving features of type [RefAxis] from chassis-3-2^Assem1-1
2021-01-23 15:46:02,391 INFO  ExportHelperExtension.cs: 1136 - Found 27 in chassis-3-2^Assem1-1
2021-01-23 15:46:02,392 INFO  ExportHelperExtension.cs: 1145 - Found 0 features of type [RefAxis] in chassis-3-2^Assem1-1
2021-01-23 15:46:02,392 INFO  ExportHelperExtension.cs: 1125 - Retrieving features of type [RefAxis] from rear wheel-3-5^Assem1-3
2021-01-23 15:46:02,392 INFO  ExportHelperExtension.cs: 1136 - Found 27 in rear wheel-3-5^Assem1-3
2021-01-23 15:46:02,393 INFO  ExportHelperExtension.cs: 1145 - Found 0 features of type [RefAxis] in rear wheel-3-5^Assem1-3
2021-01-23 15:46:02,393 INFO  ExportHelperExtension.cs: 1125 - Retrieving features of type [RefAxis] from rear wheel-3-5^Assem1-1
2021-01-23 15:46:02,393 INFO  ExportHelperExtension.cs: 1136 - Found 27 in rear wheel-3-5^Assem1-1
2021-01-23 15:46:02,394 INFO  ExportHelperExtension.cs: 1145 - Found 0 features of type [RefAxis] in rear wheel-3-5^Assem1-1
2021-01-23 15:46:02,713 INFO  SwAddin.cs: 339 - Loading config tree
2021-01-23 15:46:02,718 INFO  ExportPropertyManagerExtension.cs: 520 - Starting new configuration
2021-01-23 15:46:02,726 INFO  SwAddin.cs: 344 - Showing property manager
2021-01-23 15:56:14,498 INFO  ExportPropertyManager.cs: 416 - Configuration canceled
2021-01-23 15:56:14,537 INFO  ExportPropertyManager.cs: 1142 - AfterClose called. This method no longer throws an Exception. It just silently does nothing. Ok, except for this logging message
2021-01-23 16:22:42,362 INFO  SwAddin.cs: 294 - Assembly export called for file Assem1
2021-01-23 16:22:42,363 INFO  SwAddin.cs: 299 - Save is required
2021-01-23 16:22:42,363 INFO  SwAddin.cs: 313 - Saving assembly
2021-01-23 16:22:43,486 INFO  SwAddin.cs: 316 - Opening property manager
2021-01-23 16:22:43,487 INFO  ExportHelperExtension.cs: 1125 - Retrieving features of type [CoordSys] from Assem1
2021-01-23 16:22:43,487 INFO  ExportHelperExtension.cs: 1136 - Found 56 in Assem1
2021-01-23 16:22:43,488 INFO  ExportHelperExtension.cs: 1145 - Found 4 features of type [CoordSys] in Assem1
2021-01-23 16:22:43,488 INFO  ExportHelperExtension.cs: 1148 - Proceeding through assembly components
2021-01-23 16:22:43,488 INFO  ExportHelperExtension.cs: 1160 - 4 components to check
2021-01-23 16:22:43,489 INFO  ExportHelperExtension.cs: 1125 - Retrieving features of type [CoordSys] from rear wheel-3-5^Assem1-1
2021-01-23 16:22:43,489 INFO  ExportHelperExtension.cs: 1136 - Found 27 in rear wheel-3-5^Assem1-1
2021-01-23 16:22:43,490 INFO  ExportHelperExtension.cs: 1145 - Found 0 features of type [CoordSys] in rear wheel-3-5^Assem1-1
2021-01-23 16:22:43,490 INFO  ExportHelperExtension.cs: 1125 - Retrieving features of type [CoordSys] from chassis-3-2^Assem1-1
2021-01-23 16:22:43,490 INFO  ExportHelperExtension.cs: 1136 - Found 27 in chassis-3-2^Assem1-1
2021-01-23 16:22:43,490 INFO  ExportHelperExtension.cs: 1145 - Found 0 features of type [CoordSys] in chassis-3-2^Assem1-1
2021-01-23 16:22:43,491 INFO  ExportHelperExtension.cs: 1125 - Retrieving features of type [CoordSys] from front wheel-3-7^Assem1-1
2021-01-23 16:22:43,492 INFO  ExportHelperExtension.cs: 1136 - Found 27 in front wheel-3-7^Assem1-1
2021-01-23 16:22:43,492 INFO  ExportHelperExtension.cs: 1145 - Found 0 features of type [CoordSys] in front wheel-3-7^Assem1-1
2021-01-23 16:22:43,493 INFO  ExportHelperExtension.cs: 1125 - Retrieving features of type [CoordSys] from rear wheel-3-5^Assem1-3
2021-01-23 16:22:43,493 INFO  ExportHelperExtension.cs: 1136 - Found 27 in rear wheel-3-5^Assem1-3
2021-01-23 16:22:43,494 INFO  ExportHelperExtension.cs: 1145 - Found 0 features of type [CoordSys] in rear wheel-3-5^Assem1-3
2021-01-23 16:22:43,494 INFO  ExportHelperExtension.cs: 1125 - Retrieving features of type [RefAxis] from Assem1
2021-01-23 16:22:43,494 INFO  ExportHelperExtension.cs: 1136 - Found 56 in Assem1
2021-01-23 16:22:43,495 INFO  ExportHelperExtension.cs: 1145 - Found 1 features of type [RefAxis] in Assem1
2021-01-23 16:22:43,495 INFO  ExportHelperExtension.cs: 1148 - Proceeding through assembly components
2021-01-23 16:22:43,495 INFO  ExportHelperExtension.cs: 1160 - 4 components to check
2021-01-23 16:22:43,496 INFO  ExportHelperExtension.cs: 1125 - Retrieving features of type [RefAxis] from rear wheel-3-5^Assem1-1
2021-01-23 16:22:43,496 INFO  ExportHelperExtension.cs: 1136 - Found 27 in rear wheel-3-5^Assem1-1
2021-01-23 16:22:43,496 INFO  ExportHelperExtension.cs: 1145 - Found 0 features of type [RefAxis] in rear wheel-3-5^Assem1-1
2021-01-23 16:22:43,499 INFO  ExportHelperExtension.cs: 1125 - Retrieving features of type [RefAxis] from chassis-3-2^Assem1-1
2021-01-23 16:22:43,694 INFO  ExportHelperExtension.cs: 1136 - Found 27 in chassis-3-2^Assem1-1
2021-01-23 16:22:43,695 INFO  ExportHelperExtension.cs: 1145 - Found 0 features of type [RefAxis] in chassis-3-2^Assem1-1
2021-01-23 16:22:43,695 INFO  ExportHelperExtension.cs: 1125 - Retrieving features of type [RefAxis] from front wheel-3-7^Assem1-1
2021-01-23 16:22:43,695 INFO  ExportHelperExtension.cs: 1136 - Found 27 in front wheel-3-7^Assem1-1
2021-01-23 16:22:43,696 INFO  ExportHelperExtension.cs: 1145 - Found 0 features of type [RefAxis] in front wheel-3-7^Assem1-1
2021-01-23 16:22:43,696 INFO  ExportHelperExtension.cs: 1125 - Retrieving features of type [RefAxis] from rear wheel-3-5^Assem1-3
2021-01-23 16:22:43,696 INFO  ExportHelperExtension.cs: 1136 - Found 27 in rear wheel-3-5^Assem1-3
2021-01-23 16:22:43,696 INFO  ExportHelperExtension.cs: 1145 - Found 0 features of type [RefAxis] in rear wheel-3-5^Assem1-3
2021-01-23 16:22:43,946 INFO  SwAddin.cs: 339 - Loading config tree
2021-01-23 16:22:43,946 INFO  ExportPropertyManagerExtension.cs: 520 - Starting new configuration
2021-01-23 16:22:43,951 INFO  SwAddin.cs: 344 - Showing property manager
2021-01-23 16:23:19,505 INFO  ExportPropertyManager.cs: 1136 - OnNumberBoxTrackingCompleted called. This method no longer throws an Exception. It just silently does nothing. Ok, except for this logging message
2021-01-23 16:23:19,768 INFO  ExportPropertyManager.cs: 1136 - OnNumberBoxTrackingCompleted called. This method no longer throws an Exception. It just silently does nothing. Ok, except for this logging message
2021-01-23 16:23:20,058 INFO  ExportPropertyManager.cs: 1136 - OnNumberBoxTrackingCompleted called. This method no longer throws an Exception. It just silently does nothing. Ok, except for this logging message
2021-01-23 16:23:20,710 INFO  ExportPropertyManager.cs: 1136 - OnNumberBoxTrackingCompleted called. This method no longer throws an Exception. It just silently does nothing. Ok, except for this logging message
2021-01-23 16:23:23,024 INFO  ExportPropertyManager.cs: 1136 - OnNumberBoxTrackingCompleted called. This method no longer throws an Exception. It just silently does nothing. Ok, except for this logging message
2021-01-23 16:23:41,305 INFO  ExportPropertyManager.cs: 1018 - OnComboboxSelectionChanged called. This method no longer throws an Exception. It just silently does nothing. Ok, except for this logging message
2021-01-23 16:24:07,541 INFO  ExportPropertyManager.cs: 1018 - OnComboboxSelectionChanged called. This method no longer throws an Exception. It just silently does nothing. Ok, except for this logging message
2021-01-23 16:24:11,629 INFO  ExportPropertyManager.cs: 1018 - OnComboboxSelectionChanged called. This method no longer throws an Exception. It just silently does nothing. Ok, except for this logging message
2021-01-23 16:24:16,223 INFO  ExportPropertyManager.cs: 416 - Configuration canceled
2021-01-23 16:24:16,268 INFO  ExportPropertyManager.cs: 1142 - AfterClose called. This method no longer throws an Exception. It just silently does nothing. Ok, except for this logging message
2021-01-23 16:25:20,790 INFO  SwAddin.cs: 294 - Assembly export called for file Assem1
2021-01-23 16:25:20,791 INFO  SwAddin.cs: 299 - Save is required
2021-01-23 16:25:20,791 INFO  SwAddin.cs: 313 - Saving assembly
2021-01-23 16:25:21,934 INFO  SwAddin.cs: 316 - Opening property manager
2021-01-23 16:25:21,936 INFO  ExportHelperExtension.cs: 1125 - Retrieving features of type [CoordSys] from Assem1
2021-01-23 16:25:21,936 INFO  ExportHelperExtension.cs: 1136 - Found 59 in Assem1
2021-01-23 16:25:21,937 INFO  ExportHelperExtension.cs: 1145 - Found 4 features of type [CoordSys] in Assem1
2021-01-23 16:25:21,937 INFO  ExportHelperExtension.cs: 1148 - Proceeding through assembly components
2021-01-23 16:25:21,937 INFO  ExportHelperExtension.cs: 1160 - 4 components to check
2021-01-23 16:25:21,938 INFO  ExportHelperExtension.cs: 1125 - Retrieving features of type [CoordSys] from rear wheel-3-5^Assem1-1
2021-01-23 16:25:21,938 INFO  ExportHelperExtension.cs: 1136 - Found 27 in rear wheel-3-5^Assem1-1
2021-01-23 16:25:21,939 INFO  ExportHelperExtension.cs: 1145 - Found 0 features of type [CoordSys] in rear wheel-3-5^Assem1-1
2021-01-23 16:25:21,939 INFO  ExportHelperExtension.cs: 1125 - Retrieving features of type [CoordSys] from chassis-3-2^Assem1-1
2021-01-23 16:25:21,939 INFO  ExportHelperExtension.cs: 1136 - Found 27 in chassis-3-2^Assem1-1
2021-01-23 16:25:21,940 INFO  ExportHelperExtension.cs: 1145 - Found 0 features of type [CoordSys] in chassis-3-2^Assem1-1
2021-01-23 16:25:21,940 INFO  ExportHelperExtension.cs: 1125 - Retrieving features of type [CoordSys] from front wheel-3-7^Assem1-1
2021-01-23 16:25:21,940 INFO  ExportHelperExtension.cs: 1136 - Found 27 in front wheel-3-7^Assem1-1
2021-01-23 16:25:21,941 INFO  ExportHelperExtension.cs: 1145 - Found 0 features of type [CoordSys] in front wheel-3-7^Assem1-1
2021-01-23 16:25:21,941 INFO  ExportHelperExtension.cs: 1125 - Retrieving features of type [CoordSys] from rear wheel-3-5^Assem1-3
2021-01-23 16:25:21,942 INFO  ExportHelperExtension.cs: 1136 - Found 27 in rear wheel-3-5^Assem1-3
2021-01-23 16:25:21,942 INFO  ExportHelperExtension.cs: 1145 - Found 0 features of type [CoordSys] in rear wheel-3-5^Assem1-3
2021-01-23 16:25:21,942 INFO  ExportHelperExtension.cs: 1125 - Retrieving features of type [RefAxis] from Assem1
2021-01-23 16:25:21,943 INFO  ExportHelperExtension.cs: 1136 - Found 59 in Assem1
2021-01-23 16:25:21,943 INFO  ExportHelperExtension.cs: 1145 - Found 4 features of type [RefAxis] in Assem1
2021-01-23 16:25:21,943 INFO  ExportHelperExtension.cs: 1148 - Proceeding through assembly components
2021-01-23 16:25:21,944 INFO  ExportHelperExtension.cs: 1160 - 4 components to check
2021-01-23 16:25:21,944 INFO  ExportHelperExtension.cs: 1125 - Retrieving features of type [RefAxis] from rear wheel-3-5^Assem1-1
2021-01-23 16:25:21,944 INFO  ExportHelperExtension.cs: 1136 - Found 27 in rear wheel-3-5^Assem1-1
2021-01-23 16:25:21,944 INFO  ExportHelperExtension.cs: 1145 - Found 0 features of type [RefAxis] in rear wheel-3-5^Assem1-1
2021-01-23 16:25:21,945 INFO  ExportHelperExtension.cs: 1125 - Retrieving features of type [RefAxis] from chassis-3-2^Assem1-1
2021-01-23 16:25:21,945 INFO  ExportHelperExtension.cs: 1136 - Found 27 in chassis-3-2^Assem1-1
2021-01-23 16:25:21,945 INFO  ExportHelperExtension.cs: 1145 - Found 0 features of type [RefAxis] in chassis-3-2^Assem1-1
2021-01-23 16:25:21,946 INFO  ExportHelperExtension.cs: 1125 - Retrieving features of type [RefAxis] from front wheel-3-7^Assem1-1
2021-01-23 16:25:21,946 INFO  ExportHelperExtension.cs: 1136 - Found 27 in front wheel-3-7^Assem1-1
2021-01-23 16:25:21,946 INFO  ExportHelperExtension.cs: 1145 - Found 0 features of type [RefAxis] in front wheel-3-7^Assem1-1
2021-01-23 16:25:21,947 INFO  ExportHelperExtension.cs: 1125 - Retrieving features of type [RefAxis] from rear wheel-3-5^Assem1-3
2021-01-23 16:25:21,949 INFO  ExportHelperExtension.cs: 1136 - Found 27 in rear wheel-3-5^Assem1-3
2021-01-23 16:25:21,949 INFO  ExportHelperExtension.cs: 1145 - Found 0 features of type [RefAxis] in rear wheel-3-5^Assem1-3
2021-01-23 16:25:22,242 INFO  SwAddin.cs: 339 - Loading config tree
2021-01-23 16:25:22,243 INFO  ExportPropertyManagerExtension.cs: 520 - Starting new configuration
2021-01-23 16:25:22,247 INFO  SwAddin.cs: 344 - Showing property manager
2021-01-23 16:25:35,917 INFO  ExportPropertyManager.cs: 1018 - OnComboboxSelectionChanged called. This method no longer throws an Exception. It just silently does nothing. Ok, except for this logging message
2021-01-23 16:25:39,302 INFO  ExportPropertyManager.cs: 1136 - OnNumberBoxTrackingCompleted called. This method no longer throws an Exception. It just silently does nothing. Ok, except for this logging message
2021-01-23 16:25:39,522 INFO  ExportPropertyManager.cs: 1136 - OnNumberBoxTrackingCompleted called. This method no longer throws an Exception. It just silently does nothing. Ok, except for this logging message
2021-01-23 16:25:39,773 INFO  ExportPropertyManager.cs: 1136 - OnNumberBoxTrackingCompleted called. This method no longer throws an Exception. It just silently does nothing. Ok, except for this logging message
2021-01-23 16:25:40,027 INFO  ExportPropertyManager.cs: 1136 - OnNumberBoxTrackingCompleted called. This method no longer throws an Exception. It just silently does nothing. Ok, except for this logging message
2021-01-23 16:25:52,050 INFO  ExportPropertyManager.cs: 1018 - OnComboboxSelectionChanged called. This method no longer throws an Exception. It just silently does nothing. Ok, except for this logging message
2021-01-23 16:25:55,290 INFO  ExportPropertyManager.cs: 1018 - OnComboboxSelectionChanged called. This method no longer throws an Exception. It just silently does nothing. Ok, except for this logging message
2021-01-23 16:26:05,300 INFO  ExportPropertyManager.cs: 1018 - OnComboboxSelectionChanged called. This method no longer throws an Exception. It just silently does nothing. Ok, except for this logging message
2021-01-23 16:26:29,717 INFO  ExportPropertyManager.cs: 1018 - OnComboboxSelectionChanged called. This method no longer throws an Exception. It just silently does nothing. Ok, except for this logging message
2021-01-23 16:26:31,847 INFO  ExportPropertyManager.cs: 1018 - OnComboboxSelectionChanged called. This method no longer throws an Exception. It just silently does nothing. Ok, except for this logging message
2021-01-23 16:26:34,391 INFO  ExportPropertyManager.cs: 1018 - OnComboboxSelectionChanged called. This method no longer throws an Exception. It just silently does nothing. Ok, except for this logging message
2021-01-23 16:26:49,443 INFO  ExportPropertyManager.cs: 1018 - OnComboboxSelectionChanged called. This method no longer throws an Exception. It just silently does nothing. Ok, except for this logging message
2021-01-23 16:26:51,547 INFO  ExportPropertyManager.cs: 1018 - OnComboboxSelectionChanged called. This method no longer throws an Exception. It just silently does nothing. Ok, except for this logging message
2021-01-23 16:26:52,968 INFO  ExportPropertyManager.cs: 1018 - OnComboboxSelectionChanged called. This method no longer throws an Exception. It just silently does nothing. Ok, except for this logging message
2021-01-23 16:27:14,068 INFO  ExportPropertyManager.cs: 422 - Configuration saved
2021-01-23 16:27:14,260 INFO  ExportHelperExtension.cs: 347 - Creating joint front_wheel
2021-01-23 16:27:14,580 WARN  ExportHelperExtension.cs: 351 - Creating joint from parent truck_body to child front_wheel failed
2021-01-23 16:27:14,584 INFO  ExportHelperExtension.cs: 347 - Creating joint rear_left_wheel
2021-01-23 16:27:14,625 WARN  ExportHelperExtension.cs: 351 - Creating joint from parent truck_body to child rear_left_wheel failed
2021-01-23 16:27:14,628 INFO  ExportHelperExtension.cs: 347 - Creating joint rear_right_wheel
2021-01-23 16:27:14,670 WARN  ExportHelperExtension.cs: 351 - Creating joint from parent truck_body to child rear_right_wheel failed
2021-01-23 16:27:14,876 INFO  ExportHelperExtension.cs: 1125 - Retrieving features of type [CoordSys] from Assem1
2021-01-23 16:27:14,882 INFO  ExportHelperExtension.cs: 1136 - Found 60 in Assem1
2021-01-23 16:27:14,883 INFO  ExportHelperExtension.cs: 1145 - Found 4 features of type [CoordSys] in Assem1
2021-01-23 16:27:14,883 INFO  ExportHelperExtension.cs: 1148 - Proceeding through assembly components
2021-01-23 16:27:14,883 INFO  ExportHelperExtension.cs: 1160 - 4 components to check
2021-01-23 16:27:14,883 INFO  ExportHelperExtension.cs: 1125 - Retrieving features of type [CoordSys] from rear wheel-3-5^Assem1-1
2021-01-23 16:27:14,884 INFO  ExportHelperExtension.cs: 1136 - Found 27 in rear wheel-3-5^Assem1-1
2021-01-23 16:27:14,884 INFO  ExportHelperExtension.cs: 1145 - Found 0 features of type [CoordSys] in rear wheel-3-5^Assem1-1
2021-01-23 16:27:14,884 INFO  ExportHelperExtension.cs: 1125 - Retrieving features of type [CoordSys] from chassis-3-2^Assem1-1
2021-01-23 16:27:14,885 INFO  ExportHelperExtension.cs: 1136 - Found 27 in chassis-3-2^Assem1-1
2021-01-23 16:27:14,885 INFO  ExportHelperExtension.cs: 1145 - Found 0 features of type [CoordSys] in chassis-3-2^Assem1-1
2021-01-23 16:27:14,885 INFO  ExportHelperExtension.cs: 1125 - Retrieving features of type [CoordSys] from front wheel-3-7^Assem1-1
2021-01-23 16:27:14,886 INFO  ExportHelperExtension.cs: 1136 - Found 27 in front wheel-3-7^Assem1-1
2021-01-23 16:27:14,886 INFO  ExportHelperExtension.cs: 1145 - Found 0 features of type [CoordSys] in front wheel-3-7^Assem1-1
2021-01-23 16:27:14,886 INFO  ExportHelperExtension.cs: 1125 - Retrieving features of type [CoordSys] from rear wheel-3-5^Assem1-3
2021-01-23 16:27:14,887 INFO  ExportHelperExtension.cs: 1136 - Found 27 in rear wheel-3-5^Assem1-3
2021-01-23 16:27:14,887 INFO  ExportHelperExtension.cs: 1145 - Found 0 features of type [CoordSys] in rear wheel-3-5^Assem1-3
2021-01-23 16:27:14,887 INFO  ExportHelperExtension.cs: 1125 - Retrieving features of type [RefAxis] from Assem1
2021-01-23 16:27:14,888 INFO  ExportHelperExtension.cs: 1136 - Found 60 in Assem1
2021-01-23 16:27:14,888 INFO  ExportHelperExtension.cs: 1145 - Found 4 features of type [RefAxis] in Assem1
2021-01-23 16:27:14,888 INFO  ExportHelperExtension.cs: 1148 - Proceeding through assembly components
2021-01-23 16:27:14,889 INFO  ExportHelperExtension.cs: 1160 - 4 components to check
2021-01-23 16:27:14,889 INFO  ExportHelperExtension.cs: 1125 - Retrieving features of type [RefAxis] from rear wheel-3-5^Assem1-1
2021-01-23 16:27:14,889 INFO  ExportHelperExtension.cs: 1136 - Found 27 in rear wheel-3-5^Assem1-1
2021-01-23 16:27:14,889 INFO  ExportHelperExtension.cs: 1145 - Found 0 features of type [RefAxis] in rear wheel-3-5^Assem1-1
2021-01-23 16:27:14,890 INFO  ExportHelperExtension.cs: 1125 - Retrieving features of type [RefAxis] from chassis-3-2^Assem1-1
2021-01-23 16:27:14,890 INFO  ExportHelperExtension.cs: 1136 - Found 27 in chassis-3-2^Assem1-1
2021-01-23 16:27:14,890 INFO  ExportHelperExtension.cs: 1145 - Found 0 features of type [RefAxis] in chassis-3-2^Assem1-1
2021-01-23 16:27:14,891 INFO  ExportHelperExtension.cs: 1125 - Retrieving features of type [RefAxis] from front wheel-3-7^Assem1-1
2021-01-23 16:27:14,891 INFO  ExportHelperExtension.cs: 1136 - Found 27 in front wheel-3-7^Assem1-1
2021-01-23 16:27:14,891 INFO  ExportHelperExtension.cs: 1145 - Found 0 features of type [RefAxis] in front wheel-3-7^Assem1-1
2021-01-23 16:27:14,892 INFO  ExportHelperExtension.cs: 1125 - Retrieving features of type [RefAxis] from rear wheel-3-5^Assem1-3
2021-01-23 16:27:14,892 INFO  ExportHelperExtension.cs: 1136 - Found 27 in rear wheel-3-5^Assem1-3
2021-01-23 16:27:14,892 INFO  ExportHelperExtension.cs: 1145 - Found 0 features of type [RefAxis] in rear wheel-3-5^Assem1-3
2021-01-23 16:27:14,974 INFO  ExportPropertyManager.cs: 1142 - AfterClose called. This method no longer throws an Exception. It just silently does nothing. Ok, except for this logging message
2021-01-23 16:30:15,817 INFO  AssemblyExportForm.cs: 253 - Completing URDF export
2021-01-23 16:30:15,824 INFO  ConfigurationSerialization.cs: 276 - URDF Configuration found
<Link z:Id="i1" xmlns="http://schemas.datacontract.org/2004/07/SW2URDF" xmlns:i="http://www.w3.org/2001/XMLSchema-instance" xmlns:z="http://schemas.microsoft.com/2003/10/Serialization/"><Attributes><Attribute z:Id="i2"><AttributeType>name</AttributeType><IsRequired>true</IsRequired><Value i:type="a:string" xmlns:a="http://www.w3.org/2001/XMLSchema">truck_body</Value></Attribute></Attributes><ChildElements><URDFElement z:Id="i3" i:type="Inertial"><Attributes/><ChildElements><URDFElement z:Id="i4" i:type="Origin"><Attributes><Attribute z:Id="i5"><AttributeType>xyz</AttributeType><IsRequired>true</IsRequired><Value i:type="a:ArrayOfdouble" xmlns:a="http://schemas.microsoft.com/2003/10/Serialization/Arrays"><a:double>0</a:double><a:double>0</a:double><a:double>0</a:double></Value></Attribute><Attribute z:Id="i6"><AttributeType>rpy</AttributeType><IsRequired>true</IsRequired><Value i:type="a:ArrayOfdouble" xmlns:a="http://schemas.microsoft.com/2003/10/Serialization/Arrays"><a:double>0</a:double><a:double>0</a:double><a:double>0</a:double></Value></Attribute></Attributes><ChildElements/><ElementName>origin</ElementName><required>false</required><RPYAttribute z:Ref="i6"/><XYZAttribute z:Ref="i5"/><isCustomized>false</isCustomized></URDFElement><URDFElement z:Id="i7" i:type="Mass"><Attributes><Attribute z:Id="i8"><AttributeType>value</AttributeType><IsRequired>true</IsRequired><Value i:type="a:double" xmlns:a="http://www.w3.org/2001/XMLSchema">0</Value></Attribute></Attributes><ChildElements/><ElementName>mass</ElementName><required>false</required><ValueAttribute z:Ref="i8"/></URDFElement><URDFElement z:Id="i9" i:type="Inertia"><Attributes><Attribute z:Id="i10"><AttributeType>ixx</AttributeType><IsRequired>true</IsRequired><Value i:type="a:double" xmlns:a="http://www.w3.org/2001/XMLSchema">0</Value></Attribute><Attribute z:Id="i11"><AttributeType>ixy</AttributeType><IsRequired>true</IsRequired><Value i:type="a:double" xmlns:a="http://www.w3.org/2001/XMLSchema">0</Value></Attribute><Attribute z:Id="i12"><AttributeType>ixz</AttributeType><IsRequired>true</IsRequired><Value i:type="a:double" xmlns:a="http://www.w3.org/2001/XMLSchema">0</Value></Attribute><Attribute z:Id="i13"><AttributeType>iyy</AttributeType><IsRequired>true</IsRequired><Value i:type="a:double" xmlns:a="http://www.w3.org/2001/XMLSchema">0</Value></Attribute><Attribute z:Id="i14"><AttributeType>iyz</AttributeType><IsRequired>true</IsRequired><Value i:type="a:double" xmlns:a="http://www.w3.org/2001/XMLSchema">0</Value></Attribute><Attribute z:Id="i15"><AttributeType>izz</AttributeType><IsRequired>true</IsRequired><Value i:type="a:double" xmlns:a="http://www.w3.org/2001/XMLSchema">0</Value></Attribute></Attributes><ChildElements/><ElementName>inertia</ElementName><required>false</required><IxxAttribute z:Ref="i10"/><IxyAttribute z:Ref="i11"/><IxzAttribute z:Ref="i12"/><IyyAttribute z:Ref="i13"/><IyzAttribute z:Ref="i14"/><IzzAttribute z:Ref="i15"/></URDFElement></ChildElements><ElementName>inertial</ElementName><required>false</required><Inertia z:Ref="i9"/><Mass z:Ref="i7"/><Origin z:Ref="i4"/></URDFElement><URDFElement z:Id="i16" i:type="Visual"><Attributes/><ChildElements><URDFElement z:Id="i17" i:type="Origin"><Attributes><Attribute z:Id="i18"><AttributeType>xyz</AttributeType><IsRequired>true</IsRequired><Value i:type="a:ArrayOfdouble" xmlns:a="http://schemas.microsoft.com/2003/10/Serialization/Arrays"><a:double>0</a:double><a:double>0</a:double><a:double>0</a:double></Value></Attribute><Attribute z:Id="i19"><AttributeType>rpy</AttributeType><IsRequired>true</IsRequired><Value i:type="a:ArrayOfdouble" xmlns:a="http://schemas.microsoft.com/2003/10/Serialization/Arrays"><a:double>0</a:double><a:double>0</a:double><a:double>0</a:double></Value></Attribute></Attributes><ChildElements/><ElementName>origin</ElementName><required>false</required><RPYAttribute z:Ref="i19"/><XYZAttribute z:Ref="i18"/><isCustomized>false</isCustomized></URDFElement><URDFElement z:Id="i20" i:type="Geometry"><Attributes/><ChildElements><URDFElement z:Id="i21" i:type="Mesh"><Attributes><Attribute z:Id="i22"><AttributeType>filename</AttributeType><IsRequired>true</IsRequired><Value i:nil="true"/></Attribute></Attributes><ChildElements/><ElementName>mesh</ElementName><required>false</required><FilenameAttribute z:Ref="i22"/></URDFElement></ChildElements><ElementName>geometry</ElementName><required>true</required><Mesh z:Ref="i21"/></URDFElement><URDFElement z:Id="i23" i:type="Material"><Attributes><Attribute z:Id="i24"><AttributeType>name</AttributeType><IsRequired>true</IsRequired><Value i:type="a:string" xmlns:a="http://www.w3.org/2001/XMLSchema"/></Attribute></Attributes><ChildElements><URDFElement z:Id="i25" i:type="Color"><Attributes><Attribute z:Id="i26"><AttributeType>rgba</AttributeType><IsRequired>true</IsRequired><Value i:type="a:ArrayOfdouble" xmlns:a="http://schemas.microsoft.com/2003/10/Serialization/Arrays"><a:double>1</a:double><a:double>1</a:double><a:double>1</a:double><a:double>1</a:double></Value></Attribute></Attributes><ChildElements/><ElementName>color</ElementName><required>false</required><RGBAAttribute z:Ref="i26"/></URDFElement><URDFElement z:Id="i27" i:type="Texture"><Attributes><Attribute z:Id="i28"><AttributeType>filename</AttributeType><IsRequired>true</IsRequired><Value i:nil="true"/></Attribute></Attributes><ChildElements/><ElementName>texture</ElementName><required>false</required><FilenameAttribute z:Ref="i28"/><wFilename/></URDFElement></ChildElements><ElementName>material</ElementName><required>false</required><Color z:Ref="i25"/><NameAttribute z:Ref="i24"/><Texture z:Ref="i27"/></URDFElement></ChildElements><ElementName>visual</ElementName><required>false</required><Geometry z:Ref="i20"/><Material z:Ref="i23"/><Origin z:Ref="i17"/></URDFElement><URDFElement z:Id="i29" i:type="Collision"><Attributes/><ChildElements><URDFElement z:Id="i30" i:type="Origin"><Attributes><Attribute z:Id="i31"><AttributeType>xyz</AttributeType><IsRequired>true</IsRequired><Value i:type="a:ArrayOfdouble" xmlns:a="http://schemas.microsoft.com/2003/10/Serialization/Arrays"><a:double>0</a:double><a:double>0</a:double><a:double>0</a:double></Value></Attribute><Attribute z:Id="i32"><AttributeType>rpy</AttributeType><IsRequired>true</IsRequired><Value i:type="a:ArrayOfdouble" xmlns:a="http://schemas.microsoft.com/2003/10/Serialization/Arrays"><a:double>0</a:double><a:double>0</a:double><a:double>0</a:double></Value></Attribute></Attributes><ChildElements/><ElementName>origin</ElementName><required>false</required><RPYAttribute z:Ref="i32"/><XYZAttribute z:Ref="i31"/><isCustomized>false</isCustomized></URDFElement><URDFElement z:Id="i33" i:type="Geometry"><Attributes/><ChildElements><URDFElement z:Id="i34" i:type="Mesh"><Attributes><Attribute z:Id="i35"><AttributeType>filename</AttributeType><IsRequired>true</IsRequired><Value i:nil="true"/></Attribute></Attributes><ChildElements/><ElementName>mesh</ElementName><required>false</required><FilenameAttribute z:Ref="i35"/></URDFElement></ChildElements><ElementName>geometry</ElementName><required>true</required><Mesh z:Ref="i34"/></URDFElement></ChildElements><ElementName>collision</ElementName><required>false</required><Geometry z:Ref="i33"/><Origin z:Ref="i30"/></URDFElement><URDFElement z:Id="i36" i:type="Joint"><Attributes><Attribute z:Id="i37"><AttributeType>name</AttributeType><IsRequired>true</IsRequired><Value i:type="a:string" xmlns:a="http://www.w3.org/2001/XMLSchema"/></Attribute><Attribute z:Id="i38"><AttributeType>type</AttributeType><IsRequired>true</IsRequired><Value i:type="a:string" xmlns:a="http://www.w3.org/2001/XMLSchema"/></Attribute></Attributes><ChildElements><URDFElement z:Id="i39" i:type="Origin"><Attributes><Attribute z:Id="i40"><AttributeType>xyz</AttributeType><IsRequired>true</IsRequired><Value i:type="a:ArrayOfdouble" xmlns:a="http://schemas.microsoft.com/2003/10/Serialization/Arrays"><a:double>0</a:double><a:double>0</a:double><a:double>0</a:double></Value></Attribute><Attribute z:Id="i41"><AttributeType>rpy</AttributeType><IsRequired>true</IsRequired><Value i:type="a:ArrayOfdouble" xmlns:a="http://schemas.microsoft.com/2003/10/Serialization/Arrays"><a:double>0</a:double><a:double>0</a:double><a:double>0</a:double></Value></Attribute></Attributes><ChildElements/><ElementName>origin</ElementName><required>false</required><RPYAttribute z:Ref="i41"/><XYZAttribute z:Ref="i40"/><isCustomized>false</isCustomized></URDFElement><URDFElement z:Id="i42" i:type="ParentLink"><Attributes><Attribute z:Id="i43"><AttributeType>link</AttributeType><IsRequired>true</IsRequired><Value i:type="a:string" xmlns:a="http://www.w3.org/2001/XMLSchema"/></Attribute></Attributes><ChildElements/><ElementName>parent</ElementName><required>true</required><NameAttribute z:Ref="i43"/></URDFElement><URDFElement z:Id="i44" i:type="ChildLink"><Attributes><Attribute z:Id="i45"><AttributeType>link</AttributeType><IsRequired>true</IsRequired><Value i:type="a:string" xmlns:a="http://www.w3.org/2001/XMLSchema"/></Attribute></Attributes><ChildElements/><ElementName>child</ElementName><required>true</required><NameAttribute z:Ref="i45"/></URDFElement><URDFElement z:Id="i46" i:type="Axis"><Attributes><Attribute z:Id="i47"><AttributeType>xyz</AttributeType><IsRequired>true</IsRequired><Value i:type="a:ArrayOfdouble" xmlns:a="http://schemas.microsoft.com/2003/10/Serialization/Arrays"><a:double>0</a:double><a:double>0</a:double><a:double>0</a:double></Value></Attribute></Attributes><ChildElements/><ElementName>axis</ElementName><required>false</required><XYZAttribute z:Ref="i47"/></URDFElement><URDFElement z:Id="i48" i:type="Limit"><Attributes><Attribute z:Id="i49"><AttributeType>lower</AttributeType><IsRequired>false</IsRequired><Value i:nil="true"/></Attribute><Attribute z:Id="i50"><AttributeType>upper</AttributeType><IsRequired>false</IsRequired><Value i:nil="true"/></Attribute><Attribute z:Id="i51"><AttributeType>effort</AttributeType><IsRequired>true</IsRequired><Value i:nil="true"/></Attribute><Attribute z:Id="i52"><AttributeType>velocity</AttributeType><IsRequired>true</IsRequired><Value i:nil="true"/></Attribute></Attributes><ChildElements/><ElementName>limit</ElementName><required>false</required><EffortAttribute z:Ref="i51"/><LowerAttribute z:Ref="i49"/><UpperAttribute z:Ref="i50"/><VelocityAttribute z:Ref="i52"/></URDFElement><URDFElement z:Id="i53" i:type="Calibration"><Attributes><Attribute z:Id="i54"><AttributeType>rising</AttributeType><IsRequired>false</IsRequired><Value i:nil="true"/></Attribute><Attribute z:Id="i55"><AttributeType>falling</AttributeType><IsRequired>false</IsRequired><Value i:nil="true"/></Attribute></Attributes><ChildElements/><ElementName>calibration</ElementName><required>false</required><FallingAttribute z:Ref="i55"/><RisingAttribute z:Ref="i54"/></URDFElement><URDFElement z:Id="i56" i:type="Dynamics"><Attributes><Attribute z:Id="i57"><AttributeType>damping</AttributeType><IsRequired>false</IsRequired><Value i:nil="true"/></Attribute><Attribute z:Id="i58"><AttributeType>friction</AttributeType><IsRequired>false</IsRequired><Value i:nil="true"/></Attribute></Attributes><ChildElements/><ElementName>dynamics</ElementName><required>false</required><DampingAttribute z:Ref="i57"/><FrictionAttribute z:Ref="i58"/></URDFElement><URDFElement z:Id="i59" i:type="SafetyController"><Attributes><Attribute z:Id="i60"><AttributeType>soft_upper</AttributeType><IsRequired>false</IsRequired><Value i:nil="true"/></Attribute><Attribute z:Id="i61"><AttributeType>soft_lower</AttributeType><IsRequired>false</IsRequired><Value i:nil="true"/></Attribute><Attribute z:Id="i62"><AttributeType>k_position</AttributeType><IsRequired>false</IsRequired><Value i:nil="true"/></Attribute><Attribute z:Id="i63"><AttributeType>k_velocity</AttributeType><IsRequired>true</IsRequired><Value i:nil="true"/></Attribute></Attributes><ChildElements/><ElementName>safety_controller</ElementName><required>false</required><KPositionAttribute z:Ref="i62"/><KVelocityAttribute z:Ref="i63"/><SoftLowerAttribute z:Ref="i61"/><SoftUpperAttribute z:Ref="i60"/></URDFElement><URDFElement z:Id="i64" i:type="Mimic"><Attributes><Attribute z:Id="i65"><AttributeType>joint</AttributeType><IsRequired>true</IsRequired><Value i:nil="true"/></Attribute><Attribute z:Id="i66"><AttributeType>multiplier</AttributeType><IsRequired>false</IsRequired><Value i:nil="true"/></Attribute><Attribute z:Id="i67"><AttributeType>offset</AttributeType><IsRequired>false</IsRequired><Value i:nil="true"/></Attribute></Attributes><ChildElements/><ElementName>mimic</ElementName><required>false</required><JointNameAttribute z:Ref="i65"/><MultiplierAttribute z:Ref="i66"/><OffsetAttribute z:Ref="i67"/></URDFElement></ChildElements><ElementName>joint</ElementName><required>false</required><Axis z:Ref="i46"/><AxisName/><Calibration z:Ref="i53"/><Child z:Ref="i44"/><CoordinateSystemName>global_coord</CoordinateSystemName><Dynamics z:Ref="i56"/><Limit z:Ref="i48"/><Mimic z:Ref="i64"/><NameAttribute z:Ref="i37"/><Origin z:Ref="i39"/><Parent z:Ref="i42"/><Safety z:Ref="i59"/><TypeAttribute z:Ref="i38"/></URDFElement></ChildElements><ElementName>link</ElementName><required>true</required><Children><Link z:Id="i68"><Attributes><Attribute z:Id="i69"><AttributeType>name</AttributeType><IsRequired>true</IsRequired><Value i:type="a:string" xmlns:a="http://www.w3.org/2001/XMLSchema">front_wheel</Value></Attribute></Attributes><ChildElements><URDFElement z:Id="i70" i:type="Inertial"><Attributes/><ChildElements><URDFElement z:Id="i71" i:type="Origin"><Attributes><Attribute z:Id="i72"><AttributeType>xyz</AttributeType><IsRequired>true</IsRequired><Value i:type="a:ArrayOfdouble" xmlns:a="http://schemas.microsoft.com/2003/10/Serialization/Arrays"><a:double>0</a:double><a:double>0</a:double><a:double>0</a:double></Value></Attribute><Attribute z:Id="i73"><AttributeType>rpy</AttributeType><IsRequired>true</IsRequired><Value i:type="a:ArrayOfdouble" xmlns:a="http://schemas.microsoft.com/2003/10/Serialization/Arrays"><a:double>0</a:double><a:double>0</a:double><a:double>0</a:double></Value></Attribute></Attributes><ChildElements/><ElementName>origin</ElementName><required>false</required><RPYAttribute z:Ref="i73"/><XYZAttribute z:Ref="i72"/><isCustomized>false</isCustomized></URDFElement><URDFElement z:Id="i74" i:type="Mass"><Attributes><Attribute z:Id="i75"><AttributeType>value</AttributeType><IsRequired>true</IsRequired><Value i:type="a:double" xmlns:a="http://www.w3.org/2001/XMLSchema">0</Value></Attribute></Attributes><ChildElements/><ElementName>mass</ElementName><required>false</required><ValueAttribute z:Ref="i75"/></URDFElement><URDFElement z:Id="i76" i:type="Inertia"><Attributes><Attribute z:Id="i77"><AttributeType>ixx</AttributeType><IsRequired>true</IsRequired><Value i:type="a:double" xmlns:a="http://www.w3.org/2001/XMLSchema">0</Value></Attribute><Attribute z:Id="i78"><AttributeType>ixy</AttributeType><IsRequired>true</IsRequired><Value i:type="a:double" xmlns:a="http://www.w3.org/2001/XMLSchema">0</Value></Attribute><Attribute z:Id="i79"><AttributeType>ixz</AttributeType><IsRequired>true</IsRequired><Value i:type="a:double" xmlns:a="http://www.w3.org/2001/XMLSchema">0</Value></Attribute><Attribute z:Id="i80"><AttributeType>iyy</AttributeType><IsRequired>true</IsRequired><Value i:type="a:double" xmlns:a="http://www.w3.org/2001/XMLSchema">0</Value></Attribute><Attribute z:Id="i81"><AttributeType>iyz</AttributeType><IsRequired>true</IsRequired><Value i:type="a:double" xmlns:a="http://www.w3.org/2001/XMLSchema">0</Value></Attribute><Attribute z:Id="i82"><AttributeType>izz</AttributeType><IsRequired>true</IsRequired><Value i:type="a:double" xmlns:a="http://www.w3.org/2001/XMLSchema">0</Value></Attribute></Attributes><ChildElements/><ElementName>inertia</ElementName><required>false</required><IxxAttribute z:Ref="i77"/><IxyAttribute z:Ref="i78"/><IxzAttribute z:Ref="i79"/><IyyAttribute z:Ref="i80"/><IyzAttribute z:Ref="i81"/><IzzAttribute z:Ref="i82"/></URDFElement></ChildElements><ElementName>inertial</ElementName><required>false</required><Inertia z:Ref="i76"/><Mass z:Ref="i74"/><Origin z:Ref="i71"/></URDFElement><URDFElement z:Id="i83" i:type="Visual"><Attributes/><ChildElements><URDFElement z:Id="i84" i:type="Origin"><Attributes><Attribute z:Id="i85"><AttributeType>xyz</AttributeType><IsRequired>true</IsRequired><Value i:type="a:ArrayOfdouble" xmlns:a="http://schemas.microsoft.com/2003/10/Serialization/Arrays"><a:double>0</a:double><a:double>0</a:double><a:double>0</a:double></Value></Attribute><Attribute z:Id="i86"><AttributeType>rpy</AttributeType><IsRequired>true</IsRequired><Value i:type="a:ArrayOfdouble" xmlns:a="http://schemas.microsoft.com/2003/10/Serialization/Arrays"><a:double>0</a:double><a:double>0</a:double><a:double>0</a:double></Value></Attribute></Attributes><ChildElements/><ElementName>origin</ElementName><required>false</required><RPYAttribute z:Ref="i86"/><XYZAttribute z:Ref="i85"/><isCustomized>false</isCustomized></URDFElement><URDFElement z:Id="i87" i:type="Geometry"><Attributes/><ChildElements><URDFElement z:Id="i88" i:type="Mesh"><Attributes><Attribute z:Id="i89"><AttributeType>filename</AttributeType><IsRequired>true</IsRequired><Value i:nil="true"/></Attribute></Attributes><ChildElements/><ElementName>mesh</ElementName><required>false</required><FilenameAttribute z:Ref="i89"/></URDFElement></ChildElements><ElementName>geometry</ElementName><required>true</required><Mesh z:Ref="i88"/></URDFElement><URDFElement z:Id="i90" i:type="Material"><Attributes><Attribute z:Id="i91"><AttributeType>name</AttributeType><IsRequired>true</IsRequired><Value i:type="a:string" xmlns:a="http://www.w3.org/2001/XMLSchema"/></Attribute></Attributes><ChildElements><URDFElement z:Id="i92" i:type="Color"><Attributes><Attribute z:Id="i93"><AttributeType>rgba</AttributeType><IsRequired>true</IsRequired><Value i:type="a:ArrayOfdouble" xmlns:a="http://schemas.microsoft.com/2003/10/Serialization/Arrays"><a:double>1</a:double><a:double>1</a:double><a:double>1</a:double><a:double>1</a:double></Value></Attribute></Attributes><ChildElements/><ElementName>color</ElementName><required>false</required><RGBAAttribute z:Ref="i93"/></URDFElement><URDFElement z:Id="i94" i:type="Texture"><Attributes><Attribute z:Id="i95"><AttributeType>filename</AttributeType><IsRequired>true</IsRequired><Value i:nil="true"/></Attribute></Attributes><ChildElements/><ElementName>texture</ElementName><required>false</required><FilenameAttribute z:Ref="i95"/><wFilename/></URDFElement></ChildElements><ElementName>material</ElementName><required>false</required><Color z:Ref="i92"/><NameAttribute z:Ref="i91"/><Texture z:Ref="i94"/></URDFElement></ChildElements><ElementName>visual</ElementName><required>false</required><Geometry z:Ref="i87"/><Material z:Ref="i90"/><Origin z:Ref="i84"/></URDFElement><URDFElement z:Id="i96" i:type="Collision"><Attributes/><ChildElements><URDFElement z:Id="i97" i:type="Origin"><Attributes><Attribute z:Id="i98"><AttributeType>xyz</AttributeType><IsRequired>true</IsRequired><Value i:type="a:ArrayOfdouble" xmlns:a="http://schemas.microsoft.com/2003/10/Serialization/Arrays"><a:double>0</a:double><a:double>0</a:double><a:double>0</a:double></Value></Attribute><Attribute z:Id="i99"><AttributeType>rpy</AttributeType><IsRequired>true</IsRequired><Value i:type="a:ArrayOfdouble" xmlns:a="http://schemas.microsoft.com/2003/10/Serialization/Arrays"><a:double>0</a:double><a:double>0</a:double><a:double>0</a:double></Value></Attribute></Attributes><ChildElements/><ElementName>origin</ElementName><required>false</required><RPYAttribute z:Ref="i99"/><XYZAttribute z:Ref="i98"/><isCustomized>false</isCustomized></URDFElement><URDFElement z:Id="i100" i:type="Geometry"><Attributes/><ChildElements><URDFElement z:Id="i101" i:type="Mesh"><Attributes><Attribute z:Id="i102"><AttributeType>filename</AttributeType><IsRequired>true</IsRequired><Value i:nil="true"/></Attribute></Attributes><ChildElements/><ElementName>mesh</ElementName><required>false</required><FilenameAttribute z:Ref="i102"/></URDFElement></ChildElements><ElementName>geometry</ElementName><required>true</required><Mesh z:Ref="i101"/></URDFElement></ChildElements><ElementName>collision</ElementName><required>false</required><Geometry z:Ref="i100"/><Origin z:Ref="i97"/></URDFElement><URDFElement z:Id="i103" i:type="Joint"><Attributes><Attribute z:Id="i104"><AttributeType>name</AttributeType><IsRequired>true</IsRequired><Value i:type="a:string" xmlns:a="http://www.w3.org/2001/XMLSchema">front_wheel_cont</Value></Attribute><Attribute z:Id="i105"><AttributeType>type</AttributeType><IsRequired>true</IsRequired><Value i:type="a:string" xmlns:a="http://www.w3.org/2001/XMLSchema">continuous</Value></Attribute></Attributes><ChildElements><URDFElement z:Id="i106" i:type="Origin"><Attributes><Attribute z:Id="i107"><AttributeType>xyz</AttributeType><IsRequired>true</IsRequired><Value i:type="a:ArrayOfdouble" xmlns:a="http://schemas.microsoft.com/2003/10/Serialization/Arrays"><a:double>0</a:double><a:double>0</a:double><a:double>0</a:double></Value></Attribute><Attribute z:Id="i108"><AttributeType>rpy</AttributeType><IsRequired>true</IsRequired><Value i:type="a:ArrayOfdouble" xmlns:a="http://schemas.microsoft.com/2003/10/Serialization/Arrays"><a:double>0</a:double><a:double>0</a:double><a:double>0</a:double></Value></Attribute></Attributes><ChildElements/><ElementName>origin</ElementName><required>false</required><RPYAttribute z:Ref="i108"/><XYZAttribute z:Ref="i107"/><isCustomized>false</isCustomized></URDFElement><URDFElement z:Id="i109" i:type="ParentLink"><Attributes><Attribute z:Id="i110"><AttributeType>link</AttributeType><IsRequired>true</IsRequired><Value i:type="a:string" xmlns:a="http://www.w3.org/2001/XMLSchema"/></Attribute></Attributes><ChildElements/><ElementName>parent</ElementName><required>true</required><NameAttribute z:Ref="i110"/></URDFElement><URDFElement z:Id="i111" i:type="ChildLink"><Attributes><Attribute z:Id="i112"><AttributeType>link</AttributeType><IsRequired>true</IsRequired><Value i:type="a:string" xmlns:a="http://www.w3.org/2001/XMLSchema"/></Attribute></Attributes><ChildElements/><ElementName>child</ElementName><required>true</required><NameAttribute z:Ref="i112"/></URDFElement><URDFElement z:Id="i113" i:type="Axis"><Attributes><Attribute z:Id="i114"><AttributeType>xyz</AttributeType><IsRequired>true</IsRequired><Value i:type="a:ArrayOfdouble" xmlns:a="http://schemas.microsoft.com/2003/10/Serialization/Arrays"><a:double>0</a:double><a:double>0</a:double><a:double>0</a:double></Value></Attribute></Attributes><ChildElements/><ElementName>axis</ElementName><required>false</required><XYZAttribute z:Ref="i114"/></URDFElement><URDFElement z:Id="i115" i:type="Limit"><Attributes><Attribute z:Id="i116"><AttributeType>lower</AttributeType><IsRequired>false</IsRequired><Value i:nil="true"/></Attribute><Attribute z:Id="i117"><AttributeType>upper</AttributeType><IsRequired>false</IsRequired><Value i:nil="true"/></Attribute><Attribute z:Id="i118"><AttributeType>effort</AttributeType><IsRequired>true</IsRequired><Value i:nil="true"/></Attribute><Attribute z:Id="i119"><AttributeType>velocity</AttributeType><IsRequired>true</IsRequired><Value i:nil="true"/></Attribute></Attributes><ChildElements/><ElementName>limit</ElementName><required>false</required><EffortAttribute z:Ref="i118"/><LowerAttribute z:Ref="i116"/><UpperAttribute z:Ref="i117"/><VelocityAttribute z:Ref="i119"/></URDFElement><URDFElement z:Id="i120" i:type="Calibration"><Attributes><Attribute z:Id="i121"><AttributeType>rising</AttributeType><IsRequired>false</IsRequired><Value i:nil="true"/></Attribute><Attribute z:Id="i122"><AttributeType>falling</AttributeType><IsRequired>false</IsRequired><Value i:nil="true"/></Attribute></Attributes><ChildElements/><ElementName>calibration</ElementName><required>false</required><FallingAttribute z:Ref="i122"/><RisingAttribute z:Ref="i121"/></URDFElement><URDFElement z:Id="i123" i:type="Dynamics"><Attributes><Attribute z:Id="i124"><AttributeType>damping</AttributeType><IsRequired>false</IsRequired><Value i:nil="true"/></Attribute><Attribute z:Id="i125"><AttributeType>friction</AttributeType><IsRequired>false</IsRequired><Value i:nil="true"/></Attribute></Attributes><ChildElements/><ElementName>dynamics</ElementName><required>false</required><DampingAttribute z:Ref="i124"/><FrictionAttribute z:Ref="i125"/></URDFElement><URDFElement z:Id="i126" i:type="SafetyController"><Attributes><Attribute z:Id="i127"><AttributeType>soft_upper</AttributeType><IsRequired>false</IsRequired><Value i:nil="true"/></Attribute><Attribute z:Id="i128"><AttributeType>soft_lower</AttributeType><IsRequired>false</IsRequired><Value i:nil="true"/></Attribute><Attribute z:Id="i129"><AttributeType>k_position</AttributeType><IsRequired>false</IsRequired><Value i:nil="true"/></Attribute><Attribute z:Id="i130"><AttributeType>k_velocity</AttributeType><IsRequired>true</IsRequired><Value i:nil="true"/></Attribute></Attributes><ChildElements/><ElementName>safety_controller</ElementName><required>false</required><KPositionAttribute z:Ref="i129"/><KVelocityAttribute z:Ref="i130"/><SoftLowerAttribute z:Ref="i128"/><SoftUpperAttribute z:Ref="i127"/></URDFElement><URDFElement z:Id="i131" i:type="Mimic"><Attributes><Attribute z:Id="i132"><AttributeType>joint</AttributeType><IsRequired>true</IsRequired><Value i:nil="true"/></Attribute><Attribute z:Id="i133"><AttributeType>multiplier</AttributeType><IsRequired>false</IsRequired><Value i:nil="true"/></Attribute><Attribute z:Id="i134"><AttributeType>offset</AttributeType><IsRequired>false</IsRequired><Value i:nil="true"/></Attribute></Attributes><ChildElements/><ElementName>mimic</ElementName><required>false</required><JointNameAttribute z:Ref="i132"/><MultiplierAttribute z:Ref="i133"/><OffsetAttribute z:Ref="i134"/></URDFElement></ChildElements><ElementName>joint</ElementName><required>false</required><Axis z:Ref="i113"/><AxisName>front_axis</AxisName><Calibration z:Ref="i120"/><Child z:Ref="i111"/><CoordinateSystemName>front_wheel_coord</CoordinateSystemName><Dynamics z:Ref="i123"/><Limit z:Ref="i115"/><Mimic z:Ref="i131"/><NameAttribute z:Ref="i104"/><Origin z:Ref="i106"/><Parent z:Ref="i109"/><Safety z:Ref="i126"/><TypeAttribute z:Ref="i105"/></URDFElement></ChildElements><ElementName>link</ElementName><required>true</required><Children/><Collision z:Ref="i96"/><Inertial z:Ref="i70"/><Joint z:Ref="i103"/><NameAttribute z:Ref="i69"/><Parent z:Ref="i1"/><STLQualityFine>false</STLQualityFine><SWComponentPIDs xmlns:a="http://schemas.microsoft.com/2003/10/Serialization/Arrays"><a:base64Binary>4C4AAAUAAAD//v8fZgByAG8AbgB0ACAAdwBoAGUAZQBsAC0AMwAtADcAXgBBAHMAcwBlAG0AMQAtADEAQABBAHMAcwBlAG0AMQAEAAAAEAAAAAEAAAABAAAA6wAAAA==</a:base64Binary></SWComponentPIDs><SWMainComponentPID i:nil="true"/><Visual z:Ref="i83"/><isFixedFrame>false</isFixedFrame><isIncomplete>false</isIncomplete></Link><Link z:Id="i135"><Attributes><Attribute z:Id="i136"><AttributeType>name</AttributeType><IsRequired>true</IsRequired><Value i:type="a:string" xmlns:a="http://www.w3.org/2001/XMLSchema">rear_left_wheel</Value></Attribute></Attributes><ChildElements><URDFElement z:Id="i137" i:type="Inertial"><Attributes/><ChildElements><URDFElement z:Id="i138" i:type="Origin"><Attributes><Attribute z:Id="i139"><AttributeType>xyz</AttributeType><IsRequired>true</IsRequired><Value i:type="a:ArrayOfdouble" xmlns:a="http://schemas.microsoft.com/2003/10/Serialization/Arrays"><a:double>0</a:double><a:double>0</a:double><a:double>0</a:double></Value></Attribute><Attribute z:Id="i140"><AttributeType>rpy</AttributeType><IsRequired>true</IsRequired><Value i:type="a:ArrayOfdouble" xmlns:a="http://schemas.microsoft.com/2003/10/Serialization/Arrays"><a:double>0</a:double><a:double>0</a:double><a:double>0</a:double></Value></Attribute></Attributes><ChildElements/><ElementName>origin</ElementName><required>false</required><RPYAttribute z:Ref="i140"/><XYZAttribute z:Ref="i139"/><isCustomized>false</isCustomized></URDFElement><URDFElement z:Id="i141" i:type="Mass"><Attributes><Attribute z:Id="i142"><AttributeType>value</AttributeType><IsRequired>true</IsRequired><Value i:type="a:double" xmlns:a="http://www.w3.org/2001/XMLSchema">0</Value></Attribute></Attributes><ChildElements/><ElementName>mass</ElementName><required>false</required><ValueAttribute z:Ref="i142"/></URDFElement><URDFElement z:Id="i143" i:type="Inertia"><Attributes><Attribute z:Id="i144"><AttributeType>ixx</AttributeType><IsRequired>true</IsRequired><Value i:type="a:double" xmlns:a="http://www.w3.org/2001/XMLSchema">0</Value></Attribute><Attribute z:Id="i145"><AttributeType>ixy</AttributeType><IsRequired>true</IsRequired><Value i:type="a:double" xmlns:a="http://www.w3.org/2001/XMLSchema">0</Value></Attribute><Attribute z:Id="i146"><AttributeType>ixz</AttributeType><IsRequired>true</IsRequired><Value i:type="a:double" xmlns:a="http://www.w3.org/2001/XMLSchema">0</Value></Attribute><Attribute z:Id="i147"><AttributeType>iyy</AttributeType><IsRequired>true</IsRequired><Value i:type="a:double" xmlns:a="http://www.w3.org/2001/XMLSchema">0</Value></Attribute><Attribute z:Id="i148"><AttributeType>iyz</AttributeType><IsRequired>true</IsRequired><Value i:type="a:double" xmlns:a="http://www.w3.org/2001/XMLSchema">0</Value></Attribute><Attribute z:Id="i149"><AttributeType>izz</AttributeType><IsRequired>true</IsRequired><Value i:type="a:double" xmlns:a="http://www.w3.org/2001/XMLSchema">0</Value></Attribute></Attributes><ChildElements/><ElementName>inertia</ElementName><required>false</required><IxxAttribute z:Ref="i144"/><IxyAttribute z:Ref="i145"/><IxzAttribute z:Ref="i146"/><IyyAttribute z:Ref="i147"/><IyzAttribute z:Ref="i148"/><IzzAttribute z:Ref="i149"/></URDFElement></ChildElements><ElementName>inertial</ElementName><required>false</required><Inertia z:Ref="i143"/><Mass z:Ref="i141"/><Origin z:Ref="i138"/></URDFElement><URDFElement z:Id="i150" i:type="Visual"><Attributes/><ChildElements><URDFElement z:Id="i151" i:type="Origin"><Attributes><Attribute z:Id="i152"><AttributeType>xyz</AttributeType><IsRequired>true</IsRequired><Value i:type="a:ArrayOfdouble" xmlns:a="http://schemas.microsoft.com/2003/10/Serialization/Arrays"><a:double>0</a:double><a:double>0</a:double><a:double>0</a:double></Value></Attribute><Attribute z:Id="i153"><AttributeType>rpy</AttributeType><IsRequired>true</IsRequired><Value i:type="a:ArrayOfdouble" xmlns:a="http://schemas.microsoft.com/2003/10/Serialization/Arrays"><a:double>0</a:double><a:double>0</a:double><a:double>0</a:double></Value></Attribute></Attributes><ChildElements/><ElementName>origin</ElementName><required>false</required><RPYAttribute z:Ref="i153"/><XYZAttribute z:Ref="i152"/><isCustomized>false</isCustomized></URDFElement><URDFElement z:Id="i154" i:type="Geometry"><Attributes/><ChildElements><URDFElement z:Id="i155" i:type="Mesh"><Attributes><Attribute z:Id="i156"><AttributeType>filename</AttributeType><IsRequired>true</IsRequired><Value i:nil="true"/></Attribute></Attributes><ChildElements/><ElementName>mesh</ElementName><required>false</required><FilenameAttribute z:Ref="i156"/></URDFElement></ChildElements><ElementName>geometry</ElementName><required>true</required><Mesh z:Ref="i155"/></URDFElement><URDFElement z:Id="i157" i:type="Material"><Attributes><Attribute z:Id="i158"><AttributeType>name</AttributeType><IsRequired>true</IsRequired><Value i:type="a:string" xmlns:a="http://www.w3.org/2001/XMLSchema"/></Attribute></Attributes><ChildElements><URDFElement z:Id="i159" i:type="Color"><Attributes><Attribute z:Id="i160"><AttributeType>rgba</AttributeType><IsRequired>true</IsRequired><Value i:type="a:ArrayOfdouble" xmlns:a="http://schemas.microsoft.com/2003/10/Serialization/Arrays"><a:double>1</a:double><a:double>1</a:double><a:double>1</a:double><a:double>1</a:double></Value></Attribute></Attributes><ChildElements/><ElementName>color</ElementName><required>false</required><RGBAAttribute z:Ref="i160"/></URDFElement><URDFElement z:Id="i161" i:type="Texture"><Attributes><Attribute z:Id="i162"><AttributeType>filename</AttributeType><IsRequired>true</IsRequired><Value i:nil="true"/></Attribute></Attributes><ChildElements/><ElementName>texture</ElementName><required>false</required><FilenameAttribute z:Ref="i162"/><wFilename/></URDFElement></ChildElements><ElementName>material</ElementName><required>false</required><Color z:Ref="i159"/><NameAttribute z:Ref="i158"/><Texture z:Ref="i161"/></URDFElement></ChildElements><ElementName>visual</ElementName><required>false</required><Geometry z:Ref="i154"/><Material z:Ref="i157"/><Origin z:Ref="i151"/></URDFElement><URDFElement z:Id="i163" i:type="Collision"><Attributes/><ChildElements><URDFElement z:Id="i164" i:type="Origin"><Attributes><Attribute z:Id="i165"><AttributeType>xyz</AttributeType><IsRequired>true</IsRequired><Value i:type="a:ArrayOfdouble" xmlns:a="http://schemas.microsoft.com/2003/10/Serialization/Arrays"><a:double>0</a:double><a:double>0</a:double><a:double>0</a:double></Value></Attribute><Attribute z:Id="i166"><AttributeType>rpy</AttributeType><IsRequired>true</IsRequired><Value i:type="a:ArrayOfdouble" xmlns:a="http://schemas.microsoft.com/2003/10/Serialization/Arrays"><a:double>0</a:double><a:double>0</a:double><a:double>0</a:double></Value></Attribute></Attributes><ChildElements/><ElementName>origin</ElementName><required>false</required><RPYAttribute z:Ref="i166"/><XYZAttribute z:Ref="i165"/><isCustomized>false</isCustomized></URDFElement><URDFElement z:Id="i167" i:type="Geometry"><Attributes/><ChildElements><URDFElement z:Id="i168" i:type="Mesh"><Attributes><Attribute z:Id="i169"><AttributeType>filename</AttributeType><IsRequired>true</IsRequired><Value i:nil="true"/></Attribute></Attributes><ChildElements/><ElementName>mesh</ElementName><required>false</required><FilenameAttribute z:Ref="i169"/></URDFElement></ChildElements><ElementName>geometry</ElementName><required>true</required><Mesh z:Ref="i168"/></URDFElement></ChildElements><ElementName>collision</ElementName><required>false</required><Geometry z:Ref="i167"/><Origin z:Ref="i164"/></URDFElement><URDFElement z:Id="i170" i:type="Joint"><Attributes><Attribute z:Id="i171"><AttributeType>name</AttributeType><IsRequired>true</IsRequired><Value i:type="a:string" xmlns:a="http://www.w3.org/2001/XMLSchema">rear_left_wheel_cont</Value></Attribute><Attribute z:Id="i172"><AttributeType>type</AttributeType><IsRequired>true</IsRequired><Value i:type="a:string" xmlns:a="http://www.w3.org/2001/XMLSchema">continuous</Value></Attribute></Attributes><ChildElements><URDFElement z:Id="i173" i:type="Origin"><Attributes><Attribute z:Id="i174"><AttributeType>xyz</AttributeType><IsRequired>true</IsRequired><Value i:type="a:ArrayOfdouble" xmlns:a="http://schemas.microsoft.com/2003/10/Serialization/Arrays"><a:double>0</a:double><a:double>0</a:double><a:double>0</a:double></Value></Attribute><Attribute z:Id="i175"><AttributeType>rpy</AttributeType><IsRequired>true</IsRequired><Value i:type="a:ArrayOfdouble" xmlns:a="http://schemas.microsoft.com/2003/10/Serialization/Arrays"><a:double>0</a:double><a:double>0</a:double><a:double>0</a:double></Value></Attribute></Attributes><ChildElements/><ElementName>origin</ElementName><required>false</required><RPYAttribute z:Ref="i175"/><XYZAttribute z:Ref="i174"/><isCustomized>false</isCustomized></URDFElement><URDFElement z:Id="i176" i:type="ParentLink"><Attributes><Attribute z:Id="i177"><AttributeType>link</AttributeType><IsRequired>true</IsRequired><Value i:type="a:string" xmlns:a="http://www.w3.org/2001/XMLSchema"/></Attribute></Attributes><ChildElements/><ElementName>parent</ElementName><required>true</required><NameAttribute z:Ref="i177"/></URDFElement><URDFElement z:Id="i178" i:type="ChildLink"><Attributes><Attribute z:Id="i179"><AttributeType>link</AttributeType><IsRequired>true</IsRequired><Value i:type="a:string" xmlns:a="http://www.w3.org/2001/XMLSchema"/></Attribute></Attributes><ChildElements/><ElementName>child</ElementName><required>true</required><NameAttribute z:Ref="i179"/></URDFElement><URDFElement z:Id="i180" i:type="Axis"><Attributes><Attribute z:Id="i181"><AttributeType>xyz</AttributeType><IsRequired>true</IsRequired><Value i:type="a:ArrayOfdouble" xmlns:a="http://schemas.microsoft.com/2003/10/Serialization/Arrays"><a:double>0</a:double><a:double>0</a:double><a:double>0</a:double></Value></Attribute></Attributes><ChildElements/><ElementName>axis</ElementName><required>false</required><XYZAttribute z:Ref="i181"/></URDFElement><URDFElement z:Id="i182" i:type="Limit"><Attributes><Attribute z:Id="i183"><AttributeType>lower</AttributeType><IsRequired>false</IsRequired><Value i:nil="true"/></Attribute><Attribute z:Id="i184"><AttributeType>upper</AttributeType><IsRequired>false</IsRequired><Value i:nil="true"/></Attribute><Attribute z:Id="i185"><AttributeType>effort</AttributeType><IsRequired>true</IsRequired><Value i:nil="true"/></Attribute><Attribute z:Id="i186"><AttributeType>velocity</AttributeType><IsRequired>true</IsRequired><Value i:nil="true"/></Attribute></Attributes><ChildElements/><ElementName>limit</ElementName><required>false</required><EffortAttribute z:Ref="i185"/><LowerAttribute z:Ref="i183"/><UpperAttribute z:Ref="i184"/><VelocityAttribute z:Ref="i186"/></URDFElement><URDFElement z:Id="i187" i:type="Calibration"><Attributes><Attribute z:Id="i188"><AttributeType>rising</AttributeType><IsRequired>false</IsRequired><Value i:nil="true"/></Attribute><Attribute z:Id="i189"><AttributeType>falling</AttributeType><IsRequired>false</IsRequired><Value i:nil="true"/></Attribute></Attributes><ChildElements/><ElementName>calibration</ElementName><required>false</required><FallingAttribute z:Ref="i189"/><RisingAttribute z:Ref="i188"/></URDFElement><URDFElement z:Id="i190" i:type="Dynamics"><Attributes><Attribute z:Id="i191"><AttributeType>damping</AttributeType><IsRequired>false</IsRequired><Value i:nil="true"/></Attribute><Attribute z:Id="i192"><AttributeType>friction</AttributeType><IsRequired>false</IsRequired><Value i:nil="true"/></Attribute></Attributes><ChildElements/><ElementName>dynamics</ElementName><required>false</required><DampingAttribute z:Ref="i191"/><FrictionAttribute z:Ref="i192"/></URDFElement><URDFElement z:Id="i193" i:type="SafetyController"><Attributes><Attribute z:Id="i194"><AttributeType>soft_upper</AttributeType><IsRequired>false</IsRequired><Value i:nil="true"/></Attribute><Attribute z:Id="i195"><AttributeType>soft_lower</AttributeType><IsRequired>false</IsRequired><Value i:nil="true"/></Attribute><Attribute z:Id="i196"><AttributeType>k_position</AttributeType><IsRequired>false</IsRequired><Value i:nil="true"/></Attribute><Attribute z:Id="i197"><AttributeType>k_velocity</AttributeType><IsRequired>true</IsRequired><Value i:nil="true"/></Attribute></Attributes><ChildElements/><ElementName>safety_controller</ElementName><required>false</required><KPositionAttribute z:Ref="i196"/><KVelocityAttribute z:Ref="i197"/><SoftLowerAttribute z:Ref="i195"/><SoftUpperAttribute z:Ref="i194"/></URDFElement><URDFElement z:Id="i198" i:type="Mimic"><Attributes><Attribute z:Id="i199"><AttributeType>joint</AttributeType><IsRequired>true</IsRequired><Value i:nil="true"/></Attribute><Attribute z:Id="i200"><AttributeType>multiplier</AttributeType><IsRequired>false</IsRequired><Value i:nil="true"/></Attribute><Attribute z:Id="i201"><AttributeType>offset</AttributeType><IsRequired>false</IsRequired><Value i:nil="true"/></Attribute></Attributes><ChildElements/><ElementName>mimic</ElementName><required>false</required><JointNameAttribute z:Ref="i199"/><MultiplierAttribute z:Ref="i200"/><OffsetAttribute z:Ref="i201"/></URDFElement></ChildElements><ElementName>joint</ElementName><required>false</required><Axis z:Ref="i180"/><AxisName>rear_left_axis</AxisName><Calibration z:Ref="i187"/><Child z:Ref="i178"/><CoordinateSystemName>rear_left_coord</CoordinateSystemName><Dynamics z:Ref="i190"/><Limit z:Ref="i182"/><Mimic z:Ref="i198"/><NameAttribute z:Ref="i171"/><Origin z:Ref="i173"/><Parent z:Ref="i176"/><Safety z:Ref="i193"/><TypeAttribute z:Ref="i172"/></URDFElement></ChildElements><ElementName>link</ElementName><required>true</required><Children/><Collision z:Ref="i163"/><Inertial z:Ref="i137"/><Joint z:Ref="i170"/><NameAttribute z:Ref="i136"/><Parent z:Ref="i1"/><STLQualityFine>false</STLQualityFine><SWComponentPIDs xmlns:a="http://schemas.microsoft.com/2003/10/Serialization/Arrays"><a:base64Binary>4C4AAAUAAAD//v8ecgBlAGEAcgAgAHcAaABlAGUAbAAtADMALQA1AF4AQQBzAHMAZQBtADEALQAxAEAAQQBzAHMAZQBtADEABAAAABAAAAABAAAAAQAAAJwAAAA=</a:base64Binary></SWComponentPIDs><SWMainComponentPID i:nil="true"/><Visual z:Ref="i150"/><isFixedFrame>false</isFixedFrame><isIncomplete>false</isIncomplete></Link><Link z:Id="i202"><Attributes><Attribute z:Id="i203"><AttributeType>name</AttributeType><IsRequired>true</IsRequired><Value i:type="a:string" xmlns:a="http://www.w3.org/2001/XMLSchema">rear_right_wheel</Value></Attribute></Attributes><ChildElements><URDFElement z:Id="i204" i:type="Inertial"><Attributes/><ChildElements><URDFElement z:Id="i205" i:type="Origin"><Attributes><Attribute z:Id="i206"><AttributeType>xyz</AttributeType><IsRequired>true</IsRequired><Value i:type="a:ArrayOfdouble" xmlns:a="http://schemas.microsoft.com/2003/10/Serialization/Arrays"><a:double>0</a:double><a:double>0</a:double><a:double>0</a:double></Value></Attribute><Attribute z:Id="i207"><AttributeType>rpy</AttributeType><IsRequired>true</IsRequired><Value i:type="a:ArrayOfdouble" xmlns:a="http://schemas.microsoft.com/2003/10/Serialization/Arrays"><a:double>0</a:double><a:double>0</a:double><a:double>0</a:double></Value></Attribute></Attributes><ChildElements/><ElementName>origin</ElementName><required>false</required><RPYAttribute z:Ref="i207"/><XYZAttribute z:Ref="i206"/><isCustomized>false</isCustomized></URDFElement><URDFElement z:Id="i208" i:type="Mass"><Attributes><Attribute z:Id="i209"><AttributeType>value</AttributeType><IsRequired>true</IsRequired><Value i:type="a:double" xmlns:a="http://www.w3.org/2001/XMLSchema">0</Value></Attribute></Attributes><ChildElements/><ElementName>mass</ElementName><required>false</required><ValueAttribute z:Ref="i209"/></URDFElement><URDFElement z:Id="i210" i:type="Inertia"><Attributes><Attribute z:Id="i211"><AttributeType>ixx</AttributeType><IsRequired>true</IsRequired><Value i:type="a:double" xmlns:a="http://www.w3.org/2001/XMLSchema">0</Value></Attribute><Attribute z:Id="i212"><AttributeType>ixy</AttributeType><IsRequired>true</IsRequired><Value i:type="a:double" xmlns:a="http://www.w3.org/2001/XMLSchema">0</Value></Attribute><Attribute z:Id="i213"><AttributeType>ixz</AttributeType><IsRequired>true</IsRequired><Value i:type="a:double" xmlns:a="http://www.w3.org/2001/XMLSchema">0</Value></Attribute><Attribute z:Id="i214"><AttributeType>iyy</AttributeType><IsRequired>true</IsRequired><Value i:type="a:double" xmlns:a="http://www.w3.org/2001/XMLSchema">0</Value></Attribute><Attribute z:Id="i215"><AttributeType>iyz</AttributeType><IsRequired>true</IsRequired><Value i:type="a:double" xmlns:a="http://www.w3.org/2001/XMLSchema">0</Value></Attribute><Attribute z:Id="i216"><AttributeType>izz</AttributeType><IsRequired>true</IsRequired><Value i:type="a:double" xmlns:a="http://www.w3.org/2001/XMLSchema">0</Value></Attribute></Attributes><ChildElements/><ElementName>inertia</ElementName><required>false</required><IxxAttribute z:Ref="i211"/><IxyAttribute z:Ref="i212"/><IxzAttribute z:Ref="i213"/><IyyAttribute z:Ref="i214"/><IyzAttribute z:Ref="i215"/><IzzAttribute z:Ref="i216"/></URDFElement></ChildElements><ElementName>inertial</ElementName><required>false</required><Inertia z:Ref="i210"/><Mass z:Ref="i208"/><Origin z:Ref="i205"/></URDFElement><URDFElement z:Id="i217" i:type="Visual"><Attributes/><ChildElements><URDFElement z:Id="i218" i:type="Origin"><Attributes><Attribute z:Id="i219"><AttributeType>xyz</AttributeType><IsRequired>true</IsRequired><Value i:type="a:ArrayOfdouble" xmlns:a="http://schemas.microsoft.com/2003/10/Serialization/Arrays"><a:double>0</a:double><a:double>0</a:double><a:double>0</a:double></Value></Attribute><Attribute z:Id="i220"><AttributeType>rpy</AttributeType><IsRequired>true</IsRequired><Value i:type="a:ArrayOfdouble" xmlns:a="http://schemas.microsoft.com/2003/10/Serialization/Arrays"><a:double>0</a:double><a:double>0</a:double><a:double>0</a:double></Value></Attribute></Attributes><ChildElements/><ElementName>origin</ElementName><required>false</required><RPYAttribute z:Ref="i220"/><XYZAttribute z:Ref="i219"/><isCustomized>false</isCustomized></URDFElement><URDFElement z:Id="i221" i:type="Geometry"><Attributes/><ChildElements><URDFElement z:Id="i222" i:type="Mesh"><Attributes><Attribute z:Id="i223"><AttributeType>filename</AttributeType><IsRequired>true</IsRequired><Value i:nil="true"/></Attribute></Attributes><ChildElements/><ElementName>mesh</ElementName><required>false</required><FilenameAttribute z:Ref="i223"/></URDFElement></ChildElements><ElementName>geometry</ElementName><required>true</required><Mesh z:Ref="i222"/></URDFElement><URDFElement z:Id="i224" i:type="Material"><Attributes><Attribute z:Id="i225"><AttributeType>name</AttributeType><IsRequired>true</IsRequired><Value i:type="a:string" xmlns:a="http://www.w3.org/2001/XMLSchema"/></Attribute></Attributes><ChildElements><URDFElement z:Id="i226" i:type="Color"><Attributes><Attribute z:Id="i227"><AttributeType>rgba</AttributeType><IsRequired>true</IsRequired><Value i:type="a:ArrayOfdouble" xmlns:a="http://schemas.microsoft.com/2003/10/Serialization/Arrays"><a:double>1</a:double><a:double>1</a:double><a:double>1</a:double><a:double>1</a:double></Value></Attribute></Attributes><ChildElements/><ElementName>color</ElementName><required>false</required><RGBAAttribute z:Ref="i227"/></URDFElement><URDFElement z:Id="i228" i:type="Texture"><Attributes><Attribute z:Id="i229"><AttributeType>filename</AttributeType><IsRequired>true</IsRequired><Value i:nil="true"/></Attribute></Attributes><ChildElements/><ElementName>texture</ElementName><required>false</required><FilenameAttribute z:Ref="i229"/><wFilename/></URDFElement></ChildElements><ElementName>material</ElementName><required>false</required><Color z:Ref="i226"/><NameAttribute z:Ref="i225"/><Texture z:Ref="i228"/></URDFElement></ChildElements><ElementName>visual</ElementName><required>false</required><Geometry z:Ref="i221"/><Material z:Ref="i224"/><Origin z:Ref="i218"/></URDFElement><URDFElement z:Id="i230" i:type="Collision"><Attributes/><ChildElements><URDFElement z:Id="i231" i:type="Origin"><Attributes><Attribute z:Id="i232"><AttributeType>xyz</AttributeType><IsRequired>true</IsRequired><Value i:type="a:ArrayOfdouble" xmlns:a="http://schemas.microsoft.com/2003/10/Serialization/Arrays"><a:double>0</a:double><a:double>0</a:double><a:double>0</a:double></Value></Attribute><Attribute z:Id="i233"><AttributeType>rpy</AttributeType><IsRequired>true</IsRequired><Value i:type="a:ArrayOfdouble" xmlns:a="http://schemas.microsoft.com/2003/10/Serialization/Arrays"><a:double>0</a:double><a:double>0</a:double><a:double>0</a:double></Value></Attribute></Attributes><ChildElements/><ElementName>origin</ElementName><required>false</required><RPYAttribute z:Ref="i233"/><XYZAttribute z:Ref="i232"/><isCustomized>false</isCustomized></URDFElement><URDFElement z:Id="i234" i:type="Geometry"><Attributes/><ChildElements><URDFElement z:Id="i235" i:type="Mesh"><Attributes><Attribute z:Id="i236"><AttributeType>filename</AttributeType><IsRequired>true</IsRequired><Value i:nil="true"/></Attribute></Attributes><ChildElements/><ElementName>mesh</ElementName><required>false</required><FilenameAttribute z:Ref="i236"/></URDFElement></ChildElements><ElementName>geometry</ElementName><required>true</required><Mesh z:Ref="i235"/></URDFElement></ChildElements><ElementName>collision</ElementName><required>false</required><Geometry z:Ref="i234"/><Origin z:Ref="i231"/></URDFElement><URDFElement z:Id="i237" i:type="Joint"><Attributes><Attribute z:Id="i238"><AttributeType>name</AttributeType><IsRequired>true</IsRequired><Value i:type="a:string" xmlns:a="http://www.w3.org/2001/XMLSchema">rear_right_wheel_cont</Value></Attribute><Attribute z:Id="i239"><AttributeType>type</AttributeType><IsRequired>true</IsRequired><Value i:type="a:string" xmlns:a="http://www.w3.org/2001/XMLSchema">continuous</Value></Attribute></Attributes><ChildElements><URDFElement z:Id="i240" i:type="Origin"><Attributes><Attribute z:Id="i241"><AttributeType>xyz</AttributeType><IsRequired>true</IsRequired><Value i:type="a:ArrayOfdouble" xmlns:a="http://schemas.microsoft.com/2003/10/Serialization/Arrays"><a:double>0</a:double><a:double>0</a:double><a:double>0</a:double></Value></Attribute><Attribute z:Id="i242"><AttributeType>rpy</AttributeType><IsRequired>true</IsRequired><Value i:type="a:ArrayOfdouble" xmlns:a="http://schemas.microsoft.com/2003/10/Serialization/Arrays"><a:double>0</a:double><a:double>0</a:double><a:double>0</a:double></Value></Attribute></Attributes><ChildElements/><ElementName>origin</ElementName><required>false</required><RPYAttribute z:Ref="i242"/><XYZAttribute z:Ref="i241"/><isCustomized>false</isCustomized></URDFElement><URDFElement z:Id="i243" i:type="ParentLink"><Attributes><Attribute z:Id="i244"><AttributeType>link</AttributeType><IsRequired>true</IsRequired><Value i:type="a:string" xmlns:a="http://www.w3.org/2001/XMLSchema"/></Attribute></Attributes><ChildElements/><ElementName>parent</ElementName><required>true</required><NameAttribute z:Ref="i244"/></URDFElement><URDFElement z:Id="i245" i:type="ChildLink"><Attributes><Attribute z:Id="i246"><AttributeType>link</AttributeType><IsRequired>true</IsRequired><Value i:type="a:string" xmlns:a="http://www.w3.org/2001/XMLSchema"/></Attribute></Attributes><ChildElements/><ElementName>child</ElementName><required>true</required><NameAttribute z:Ref="i246"/></URDFElement><URDFElement z:Id="i247" i:type="Axis"><Attributes><Attribute z:Id="i248"><AttributeType>xyz</AttributeType><IsRequired>true</IsRequired><Value i:type="a:ArrayOfdouble" xmlns:a="http://schemas.microsoft.com/2003/10/Serialization/Arrays"><a:double>0</a:double><a:double>0</a:double><a:double>0</a:double></Value></Attribute></Attributes><ChildElements/><ElementName>axis</ElementName><required>false</required><XYZAttribute z:Ref="i248"/></URDFElement><URDFElement z:Id="i249" i:type="Limit"><Attributes><Attribute z:Id="i250"><AttributeType>lower</AttributeType><IsRequired>false</IsRequired><Value i:nil="true"/></Attribute><Attribute z:Id="i251"><AttributeType>upper</AttributeType><IsRequired>false</IsRequired><Value i:nil="true"/></Attribute><Attribute z:Id="i252"><AttributeType>effort</AttributeType><IsRequired>true</IsRequired><Value i:nil="true"/></Attribute><Attribute z:Id="i253"><AttributeType>velocity</AttributeType><IsRequired>true</IsRequired><Value i:nil="true"/></Attribute></Attributes><ChildElements/><ElementName>limit</ElementName><required>false</required><EffortAttribute z:Ref="i252"/><LowerAttribute z:Ref="i250"/><UpperAttribute z:Ref="i251"/><VelocityAttribute z:Ref="i253"/></URDFElement><URDFElement z:Id="i254" i:type="Calibration"><Attributes><Attribute z:Id="i255"><AttributeType>rising</AttributeType><IsRequired>false</IsRequired><Value i:nil="true"/></Attribute><Attribute z:Id="i256"><AttributeType>falling</AttributeType><IsRequired>false</IsRequired><Value i:nil="true"/></Attribute></Attributes><ChildElements/><ElementName>calibration</ElementName><required>false</required><FallingAttribute z:Ref="i256"/><RisingAttribute z:Ref="i255"/></URDFElement><URDFElement z:Id="i257" i:type="Dynamics"><Attributes><Attribute z:Id="i258"><AttributeType>damping</AttributeType><IsRequired>false</IsRequired><Value i:nil="true"/></Attribute><Attribute z:Id="i259"><AttributeType>friction</AttributeType><IsRequired>false</IsRequired><Value i:nil="true"/></Attribute></Attributes><ChildElements/><ElementName>dynamics</ElementName><required>false</required><DampingAttribute z:Ref="i258"/><FrictionAttribute z:Ref="i259"/></URDFElement><URDFElement z:Id="i260" i:type="SafetyController"><Attributes><Attribute z:Id="i261"><AttributeType>soft_upper</AttributeType><IsRequired>false</IsRequired><Value i:nil="true"/></Attribute><Attribute z:Id="i262"><AttributeType>soft_lower</AttributeType><IsRequired>false</IsRequired><Value i:nil="true"/></Attribute><Attribute z:Id="i263"><AttributeType>k_position</AttributeType><IsRequired>false</IsRequired><Value i:nil="true"/></Attribute><Attribute z:Id="i264"><AttributeType>k_velocity</AttributeType><IsRequired>true</IsRequired><Value i:nil="true"/></Attribute></Attributes><ChildElements/><ElementName>safety_controller</ElementName><required>false</required><KPositionAttribute z:Ref="i263"/><KVelocityAttribute z:Ref="i264"/><SoftLowerAttribute z:Ref="i262"/><SoftUpperAttribute z:Ref="i261"/></URDFElement><URDFElement z:Id="i265" i:type="Mimic"><Attributes><Attribute z:Id="i266"><AttributeType>joint</AttributeType><IsRequired>true</IsRequired><Value i:nil="true"/></Attribute><Attribute z:Id="i267"><AttributeType>multiplier</AttributeType><IsRequired>false</IsRequired><Value i:nil="true"/></Attribute><Attribute z:Id="i268"><AttributeType>offset</AttributeType><IsRequired>false</IsRequired><Value i:nil="true"/></Attribute></Attributes><ChildElements/><ElementName>mimic</ElementName><required>false</required><JointNameAttribute z:Ref="i266"/><MultiplierAttribute z:Ref="i267"/><OffsetAttribute z:Ref="i268"/></URDFElement></ChildElements><ElementName>joint</ElementName><required>false</required><Axis z:Ref="i247"/><AxisName>rear_right_axis</AxisName><Calibration z:Ref="i254"/><Child z:Ref="i245"/><CoordinateSystemName>rear_right_coord</CoordinateSystemName><Dynamics z:Ref="i257"/><Limit z:Ref="i249"/><Mimic z:Ref="i265"/><NameAttribute z:Ref="i238"/><Origin z:Ref="i240"/><Parent z:Ref="i243"/><Safety z:Ref="i260"/><TypeAttribute z:Ref="i239"/></URDFElement></ChildElements><ElementName>link</ElementName><required>true</required><Children/><Collision z:Ref="i230"/><Inertial z:Ref="i204"/><Joint z:Ref="i237"/><NameAttribute z:Ref="i203"/><Parent z:Ref="i1"/><STLQualityFine>false</STLQualityFine><SWComponentPIDs xmlns:a="http://schemas.microsoft.com/2003/10/Serialization/Arrays"><a:base64Binary>4C4AAAUAAAD//v8ecgBlAGEAcgAgAHcAaABlAGUAbAAtADMALQA1AF4AQQBzAHMAZQBtADEALQAzAEAAQQBzAHMAZQBtADEABAAAABAAAAABAAAAAQAAAKsAAAA=</a:base64Binary></SWComponentPIDs><SWMainComponentPID i:nil="true"/><Visual z:Ref="i217"/><isFixedFrame>false</isFixedFrame><isIncomplete>false</isIncomplete></Link></Children><Collision z:Ref="i29"/><Inertial z:Ref="i3"/><Joint z:Ref="i36"/><NameAttribute z:Ref="i2"/><Parent i:nil="true"/><STLQualityFine>false</STLQualityFine><SWComponentPIDs xmlns:a="http://schemas.microsoft.com/2003/10/Serialization/Arrays"><a:base64Binary>4C4AAAUAAAD//v8bYwBoAGEAcwBzAGkAcwAtADMALQAyAF4AQQBzAHMAZQBtADEALQAxAEAAQQBzAHMAZQBtADEABAAAABAAAAABAAAAAQAAAIcAAAA=</a:base64Binary></SWComponentPIDs><SWMainComponentPID i:nil="true"/><Visual z:Ref="i16"/><isFixedFrame>false</isFixedFrame><isIncomplete>false</isIncomplete></Link>
2021-01-23 16:30:21,659 INFO  AssemblyExportForm.cs: 309 - Saving URDF package to C:\Users\isaac\OneDrive\Desktop\Assem1
2021-01-23 16:30:21,661 INFO  ExportHelper.cs: 147 - Beginning the export process
2021-01-23 16:30:21,663 INFO  ExportHelper.cs: 153 - Creating package directories with name Assem1 and save path C:\Users\isaac\OneDrive\Desktop
2021-01-23 16:30:26,018 INFO  ExportHelper.cs: 162 - Creating CMakeLists.txt at C:\Users\isaac\OneDrive\Desktop\Assem1\CMakeLists.txt
2021-01-23 16:30:26,021 INFO  ExportHelper.cs: 166 - Creating joint names config at C:\Users\isaac\OneDrive\Desktop\Assem1\config\joint_names_Assem1.yaml
2021-01-23 16:30:26,022 INFO  ExportHelper.cs: 170 - Creating package.xml at C:\Users\isaac\OneDrive\Desktop\Assem1\package.xml
2021-01-23 16:30:26,023 INFO  PackageXMLWriter.cs: 21 - Creating package.xml at C:\Users\isaac\OneDrive\Desktop\Assem1\package.xml
2021-01-23 16:30:26,029 INFO  ExportHelper.cs: 177 - Creating RVIZ launch file in C:\Users\isaac\OneDrive\Desktop\Assem1\launch\
2021-01-23 16:30:26,031 INFO  ExportHelper.cs: 182 - Creating Gazebo launch file in C:\Users\isaac\OneDrive\Desktop\Assem1\launch\
2021-01-23 16:30:26,033 INFO  ExportHelper.cs: 187 - Saving existing STL preferences
2021-01-23 16:30:26,033 INFO  ExportHelper.cs: 450 - Saving users preferences
2021-01-23 16:30:26,034 INFO  ExportHelper.cs: 190 - Modifying STL preferences
2021-01-23 16:30:26,034 INFO  ExportHelper.cs: 464 - Setting STL preferences
2021-01-23 16:30:26,041 INFO  ExportHelper.cs: 196 - Found 0 hidden components 
2021-01-23 16:30:26,041 INFO  ExportHelper.cs: 197 - Hiding all components
2021-01-23 16:30:26,229 INFO  ExportHelper.cs: 204 - Beginning individual files export
2021-01-23 16:30:26,233 INFO  ExportHelper.cs: 270 - Exporting link: truck_body
2021-01-23 16:30:26,234 INFO  ExportHelper.cs: 272 - Link truck_body has 3 children
2021-01-23 16:30:26,235 INFO  ExportHelper.cs: 270 - Exporting link: front_wheel
2021-01-23 16:30:26,235 INFO  ExportHelper.cs: 272 - Link front_wheel has 0 children
2021-01-23 16:30:26,236 INFO  ExportHelper.cs: 317 - front_wheel: Exporting STL with coordinate frame front_wheel_coord
2021-01-23 16:30:26,236 INFO  ExportHelper.cs: 322 - front_wheel: Reference geometry name 
2021-01-23 16:30:26,275 INFO  ExportHelper.cs: 330 - Saving STL to C:\Users\isaac\OneDrive\Desktop\Assem1\meshes\front_wheel.STL
2021-01-23 16:30:26,959 INFO  ExportHelper.cs: 405 - Removing SW header in STL file
2021-01-23 16:30:26,963 INFO  ExportHelper.cs: 270 - Exporting link: rear_left_wheel
2021-01-23 16:30:26,963 INFO  ExportHelper.cs: 272 - Link rear_left_wheel has 0 children
2021-01-23 16:30:26,963 INFO  ExportHelper.cs: 317 - rear_left_wheel: Exporting STL with coordinate frame rear_left_coord
2021-01-23 16:30:26,963 INFO  ExportHelper.cs: 322 - rear_left_wheel: Reference geometry name 
2021-01-23 16:30:26,996 INFO  ExportHelper.cs: 330 - Saving STL to C:\Users\isaac\OneDrive\Desktop\Assem1\meshes\rear_left_wheel.STL
2021-01-23 16:30:27,838 INFO  ExportHelper.cs: 405 - Removing SW header in STL file
2021-01-23 16:30:27,843 INFO  ExportHelper.cs: 270 - Exporting link: rear_right_wheel
2021-01-23 16:30:27,844 INFO  ExportHelper.cs: 272 - Link rear_right_wheel has 0 children
2021-01-23 16:30:27,844 INFO  ExportHelper.cs: 317 - rear_right_wheel: Exporting STL with coordinate frame rear_right_coord
2021-01-23 16:30:27,844 INFO  ExportHelper.cs: 322 - rear_right_wheel: Reference geometry name 
2021-01-23 16:30:27,873 INFO  ExportHelper.cs: 330 - Saving STL to C:\Users\isaac\OneDrive\Desktop\Assem1\meshes\rear_right_wheel.STL
2021-01-23 16:30:28,518 INFO  ExportHelper.cs: 405 - Removing SW header in STL file
2021-01-23 16:30:28,519 INFO  ExportHelper.cs: 317 - truck_body: Exporting STL with coordinate frame global_coord
2021-01-23 16:30:28,520 INFO  ExportHelper.cs: 322 - truck_body: Reference geometry name 
2021-01-23 16:30:28,550 INFO  ExportHelper.cs: 330 - Saving STL to C:\Users\isaac\OneDrive\Desktop\Assem1\meshes\truck_body.STL
2021-01-23 16:30:29,210 INFO  ExportHelper.cs: 405 - Removing SW header in STL file
2021-01-23 16:30:29,211 INFO  ExportHelper.cs: 145 - Showing all components except previously hidden components
2021-01-23 16:30:29,270 INFO  ExportHelper.cs: 145 - Resetting STL preferences
2021-01-23 16:30:29,271 INFO  ExportHelper.cs: 478 - Returning STL preferences to user preferences
2021-01-23 16:30:29,271 INFO  ExportHelper.cs: 228 - Writing URDF file to C:\Users\isaac\OneDrive\Desktop\Assem1\urdf\Assem1.urdf
2021-01-23 16:30:29,281 INFO  CSVImportExport.cs: 32 - Writing CSV file C:\Users\isaac\OneDrive\Desktop\Assem1\urdf\Assem1.csv
2021-01-23 16:30:29,306 ERROR CSVImportExport.cs: 130 - The following columns were not written to the CSV: Link.Joint.ChildLink.link,
2021-01-23 16:30:29,307 ERROR CSVImportExport.cs: 130 - The following columns were not written to the CSV: Link.Joint.ChildLink.link,
2021-01-23 16:30:29,307 ERROR CSVImportExport.cs: 130 - The following columns were not written to the CSV: Link.Joint.ChildLink.link,
2021-01-23 16:30:29,308 ERROR CSVImportExport.cs: 130 - The following columns were not written to the CSV: Link.Joint.ChildLink.link,
2021-01-23 16:30:29,308 INFO  ExportHelper.cs: 234 - Copying log file
2021-01-23 16:30:29,311 INFO  ExportHelper.cs: 439 - Copying C:\Users\isaac\sw2urdf_logs\sw2urdf.log to C:\Users\isaac\OneDrive\Desktop\Assem1\export.log
